#
# A fatal error has been detected by the Java Runtime Environment:
#
#  SIGSEGV (0xb) at pc=0x00007fcd537e6d9d, pid=22438, tid=140520841471744
#
# JRE version: Java(TM) SE Runtime Environment (8.0_60-b27) (build 1.8.0_60-b27)
# Java VM: Java HotSpot(TM) 64-Bit Server VM (25.60-b23 mixed mode linux-amd64 compressed oops)
# Problematic frame:
# C  [rxtxSerial-amd64.so+0x6d9d]  read_byte_array+0x3d
#
# Failed to write core dump. Core dumps have been disabled. To enable core dumping, try "ulimit -c unlimited" before starting Java again
#
# If you would like to submit a bug report, please visit:
#   http://bugreport.java.com/bugreport/crash.jsp
# The crash happened outside the Java Virtual Machine in native code.
# See problematic frame for where to report the bug.
#

---------------  T H R E A D  ---------------

Current thread (0x00007fcd5c344000):  JavaThread "Thread-3" daemon [_thread_in_native, id=22479, stack(0x00007fcd8ec6e000,0x00007fcd8ed6f000)]

siginfo: si_signo: 11 (SIGSEGV), si_code: 1 (SEGV_MAPERR), si_addr: 0xffffffff8ed6d548

Registers:
RAX=0xffffffff8ed6d540, RBX=0x00007fcd58002770, RCX=0x0000000000000001, RDX=0x00007fcde5e72d00
RSP=0x00007fcd8ed6c7a0, RBP=0x00007fcd5c3441f8, RSI=0x00007fcd537e9b25, RDI=0x00007fcd537e9a9f
R8 =0x0000000000000009, R9 =0x0000000000000009, R10=0x0000000000000008, R11=0x00007fcd5c344000
R12=0xffffffffffffffff, R13=0x0000000000000005, R14=0x0000000000000003, R15=0x00000000ffffffff
RIP=0x00007fcd537e6d9d, EFLAGS=0x0000000000010202, CSGSFS=0x0000000000000033, ERR=0x0000000000000005
  TRAPNO=0x000000000000000e

Top of Stack: (sp=0x00007fcd8ed6c7a0)
0x00007fcd8ed6c7a0:   00007fcd0000007c 00000001002fea28
0x00007fcd8ed6c7b0:   000000055c344000 00007fcd58002770
0x00007fcd8ed6c7c0:   0000000300002000 0000000000002000
0x00007fcd8ed6c7d0:   0000000000002000 0000000000000000
0x00007fcd8ed6c7e0:   00007fcd8ed6c850 ffffffff8ed6d540
0x00007fcd8ed6c7f0:   00007fcd537e9e02 00007fcd539ec5d0
0x00007fcd8ed6c800:   0000000000000000 0000000000000005
0x00007fcd8ed6c810:   0000000000000003 0000000000000000
0x00007fcd8ed6c820:   00007fcd5c3441f8 00007fcde68a5c67
0x00007fcd8ed6c830:   00007fcd00000005 0000000000000000
0x00007fcd8ed6c840:   00007fcd8ed6c8b0 00007fcd537e0d18
0x00007fcd8ed6c850:   00007fcd58002770 00007fcd5c3441f8
0x00007fcd8ed6c860:   ffffffffffffffff 00007fcde68ac195
0x00007fcd8ed6c870:   00007fcd58002770 00007fcd58002770
0x00007fcd8ed6c880:   0000000000000003 00007fcd58002770
0x00007fcd8ed6c890:   00007fcd5c3441f8 ffffffffffffffff
0x00007fcd8ed6c8a0:   0000000000000005 0000000000000003
0x00007fcd8ed6c8b0:   0000000000000000 00007fcd537e7272
0x00007fcd8ed6c8c0:   00007fcd5c344000 00007fcd8ed6c9a0
0x00007fcd8ed6c8d0:   00007fcd8ed6c9a8 00007fcd8c7b0498
0x00007fcd8ed6c8e0:   00007fcd8ed6c970 0000000000000000
0x00007fcd8ed6c8f0:   00007fcd8c7b0490 00007fcd8ed6c9a8
0x00007fcd8ed6c900:   00007fcd5c344000 00007fcdc501c844
0x00007fcd8ed6c910:   00007fcd8ed6c970 00007fcdc501c44d
0x00007fcd8ed6c920:   00007fcd5c344000 00007fcdc501c419
0x00007fcd8ed6c930:   00007fcd8ed6c930 00007fcd8c7b0490
0x00007fcd8ed6c940:   00007fcd8ed6c9a8 00007fcd53a00028
0x00007fcd8ed6c950:   0000000000000000 00007fcd8c7b0498
0x00007fcd8ed6c960:   0000000000000000 00007fcd8ed6c990
0x00007fcd8ed6c970:   00007fcd8ed6ca10 00007fcdc5007710
0x00007fcd8ed6c980:   0000000000000000 00007fcdc50137d6
0x00007fcd8ed6c990:   0000000000000005 0000000000000000 

Instructions: (pc=0x00007fcd537e6d9d)
0x00007fcd537e6d7d:   4c 24 18 48 8d 15 17 2d 00 00 48 8d 0d 0e 2d 00
0x00007fcd537e6d8d:   00 44 89 44 24 14 e8 88 c7 ff ff 48 89 44 24 48
0x00007fcd537e6d9d:   8b 40 08 45 85 ff 48 8b 54 24 48 89 44 24 40 c7
0x00007fcd537e6dad:   42 08 00 00 00 00 0f 88 bd 01 00 00 31 c0 e8 70 

Register to memory mapping:

RAX=0xffffffff8ed6d540 is an unknown value
RBX=0x00007fcd58002770 is an unknown value
RCX=0x0000000000000001 is an unknown value
RDX=0x00007fcde5e72d00: <offset 0xfaad00> in /usr/java/jdk1.8.0_60/jre/lib/amd64/server/libjvm.so at 0x00007fcde4ec8000
RSP=0x00007fcd8ed6c7a0 is pointing into the stack for thread: 0x00007fcd5c344000
RBP=0x00007fcd5c3441f8 is an unknown value
RSI=0x00007fcd537e9b25: <offset 0x9b25> in /tmp/rxtxSerial-amd64.so at 0x00007fcd537e0000
RDI=0x00007fcd537e9a9f: <offset 0x9a9f> in /tmp/rxtxSerial-amd64.so at 0x00007fcd537e0000
R8 =0x0000000000000009 is an unknown value
R9 =0x0000000000000009 is an unknown value
R10=0x0000000000000008 is an unknown value
R11=0x00007fcd5c344000 is a thread
R12=0xffffffffffffffff is an unknown value
R13=0x0000000000000005 is an unknown value
R14=0x0000000000000003 is an unknown value
R15=0x00000000ffffffff is an unknown value


Stack: [0x00007fcd8ec6e000,0x00007fcd8ed6f000],  sp=0x00007fcd8ed6c7a0,  free space=1017k
Native frames: (J=compiled Java code, j=interpreted, Vv=VM code, C=native code)
C  [rxtxSerial-amd64.so+0x6d9d]  read_byte_array+0x3d

Java frames: (J=compiled Java code, j=interpreted, Vv=VM code)
j  gnu.io.RXTXPort.readArray([BII)I+0
j  gnu.io.RXTXPort$SerialInputStream.read([BII)I+298
j  sun.nio.cs.StreamDecoder.readBytes()I+135
j  sun.nio.cs.StreamDecoder.implRead([CII)I+112
j  sun.nio.cs.StreamDecoder.read([CII)I+180
j  java.io.InputStreamReader.read([CII)I+7
j  java.io.BufferedReader.fill()V+145
j  java.io.BufferedReader.readLine(Z)Ljava/lang/String;+44
j  java.io.LineNumberReader.readLine()Ljava/lang/String;+12
j  com.avrwb.programmer.FreeProgrammerTopComponent.lambda$doProgram$0(Lgnu/io/RXTXPort;Lgnu/io/SerialPortEvent;)V+30
j  com.avrwb.programmer.FreeProgrammerTopComponent$$Lambda$13.serialEvent(Lgnu/io/SerialPortEvent;)V+5
j  gnu.io.RXTXPort.sendEvent(IZ)Z+806
v  ~StubRoutines::call_stub
j  gnu.io.RXTXPort.eventLoop()V+0
j  gnu.io.RXTXPort$MonitorThread.run()V+20
v  ~StubRoutines::call_stub

---------------  P R O C E S S  ---------------

Java Threads: ( => current thread )
=>0x00007fcd5c344000 JavaThread "Thread-3" daemon [_thread_in_native, id=22479, stack(0x00007fcd8ec6e000,0x00007fcd8ed6f000)]
  0x00007fcd4c00c000 JavaThread "Inactive RequestProcessor thread [Was:Folder recognizer/org.openide.loaders.FolderList$ListTask]" daemon [_thread_blocked, id=22478, stack(0x00007fcd8c00a000,0x00007fcd8c10b000)]
  0x00007fcdd400b800 JavaThread "DestroyJavaVM" [_thread_blocked, id=22440, stack(0x00007fcde359f000,0x00007fcde36a0000)]
  0x00007fcd6c001800 JavaThread "Inactive RequestProcessor thread [Was:Folder recognizer/org.openide.loaders.FolderList$ListTask]" daemon [_thread_blocked, id=22474, stack(0x00007fcd8c80c000,0x00007fcd8c90d000)]
  0x00007fcd78176800 JavaThread "TimerQueue" daemon [_thread_blocked, id=22473, stack(0x00007fcd8c90d000,0x00007fcd8ca0e000)]
  0x00007fcd78523000 JavaThread "Thread-1" daemon [_thread_blocked, id=22472, stack(0x00007fcd8ca0e000,0x00007fcd8cb0f000)]
  0x00007fcd7420f000 JavaThread "File Watcher" daemon [_thread_in_native, id=22471, stack(0x00007fcd8cf0f000,0x00007fcd8d010000)]
  0x00007fcd78490800 JavaThread "Inactive RequestProcessor thread [Was:Folder Instance Processor/org.openide.loaders.FolderInstance$1R]" daemon [_thread_blocked, id=22470, stack(0x00007fcd8d3e8000,0x00007fcd8d4e9000)]
  0x00007fcd5c004000 JavaThread "org.netbeans.modules.debugger.jpda.visual AWT Access Loop" daemon [_thread_blocked, id=22469, stack(0x00007fcd8df64000,0x00007fcd8e065000)]
  0x00007fcd780d6000 JavaThread "AWT-EventQueue-0" [_thread_blocked, id=22468, stack(0x00007fcd8e065000,0x00007fcd8e166000)]
  0x00007fcd780d4800 JavaThread "AWT-Shutdown" [_thread_blocked, id=22467, stack(0x00007fcd8e166000,0x00007fcd8e267000)]
  0x00007fcd780d0000 JavaThread "AWT-XAWT" daemon [_thread_in_native, id=22466, stack(0x00007fcd8e267000,0x00007fcd8e368000)]
  0x00007fcd7809c800 JavaThread "Java2D Disposer" daemon [_thread_blocked, id=22465, stack(0x00007fcd8e39f000,0x00007fcd8e4a0000)]
  0x00007fcd7804b800 JavaThread "RequestProcessor queue manager" daemon [_thread_blocked, id=22464, stack(0x00007fcd8eb63000,0x00007fcd8ec64000)]
  0x00007fcdd47d4000 JavaThread "Inactive RequestProcessor thread [Was:TimedSoftReference/org.openide.util.TimedSoftReference]" daemon [_thread_blocked, id=22462, stack(0x00007fcd8ed6f000,0x00007fcd8ee70000)]
  0x00007fcdd4751800 JavaThread "CLI Requests Server" daemon [_thread_in_native, id=22461, stack(0x00007fcd8f822000,0x00007fcd8f923000)]
  0x00007fcdd4546000 JavaThread "Active Reference Queue Daemon" daemon [_thread_blocked, id=22460, stack(0x00007fcd8f923000,0x00007fcd8fa24000)]
  0x00007fcdd42c7800 JavaThread "Service Thread" daemon [_thread_blocked, id=22458, stack(0x00007fcdc40e1000,0x00007fcdc41e2000)]
  0x00007fcdd42b1800 JavaThread "C1 CompilerThread2" daemon [_thread_blocked, id=22456, stack(0x00007fcdc41e2000,0x00007fcdc42e3000)]
  0x00007fcdd42b0000 JavaThread "C2 CompilerThread1" daemon [_thread_blocked, id=22455, stack(0x00007fcdc42e3000,0x00007fcdc43e4000)]
  0x00007fcdd42ad000 JavaThread "C2 CompilerThread0" daemon [_thread_blocked, id=22454, stack(0x00007fcdc43e4000,0x00007fcdc44e5000)]
  0x00007fcda0001000 JavaThread "JDWP Command Reader" daemon [_thread_in_native, id=22452, stack(0x00007fcdc44e5000,0x00007fcdc45e6000)]
  0x00007fcdd42ab000 JavaThread "JDWP Event Helper Thread" daemon [_thread_blocked, id=22450, stack(0x00007fcdc45e6000,0x00007fcdc46e7000)]
  0x00007fcdd42a7800 JavaThread "JDWP Transport Listener: dt_socket" daemon [_thread_blocked, id=22449, stack(0x00007fcdc46e7000,0x00007fcdc47e8000)]
  0x00007fcdd429a000 JavaThread "Signal Dispatcher" daemon [_thread_blocked, id=22448, stack(0x00007fcdc4bfc000,0x00007fcdc4cfd000)]
  0x00007fcdd4265000 JavaThread "Finalizer" daemon [_thread_blocked, id=22447, stack(0x00007fcdc4cfd000,0x00007fcdc4dfe000)]
  0x00007fcdd4263000 JavaThread "Reference Handler" daemon [_thread_blocked, id=22446, stack(0x00007fcdc4dfe000,0x00007fcdc4eff000)]

Other Threads:
  0x00007fcdd425e000 VMThread [stack: 0x00007fcdc4eff000,0x00007fcdc5000000] [id=22445]
  0x00007fcdd42d2000 WatcherThread [stack: 0x00007fcd8feff000,0x00007fcd90000000] [id=22459]

VM state:not at safepoint (normal execution)

VM Mutex/Monitor currently owned by a thread: None

Heap:
 PSYoungGen      total 16896K, used 6604K [0x00000000feb00000, 0x0000000100000000, 0x0000000100000000)
  eden space 13824K, 33% used [0x00000000feb00000,0x00000000fef7dd90,0x00000000ff880000)
  from space 3072K, 65% used [0x00000000ffc00000,0x00000000ffdf5308,0x00000000fff00000)
  to   space 3584K, 0% used [0x00000000ff880000,0x00000000ff880000,0x00000000ffc00000)
 ParOldGen       total 18432K, used 12269K [0x00000000fc000000, 0x00000000fd200000, 0x00000000feb00000)
  object space 18432K, 66% used [0x00000000fc000000,0x00000000fcbfb5f8,0x00000000fd200000)
 Metaspace       used 31857K, capacity 33604K, committed 33920K, reserved 1079296K
  class space    used 3859K, capacity 4390K, committed 4480K, reserved 1048576K

Card table byte_map: [0x00007fcde6a37000,0x00007fcde6a58000] byte_map_base: 0x00007fcde6257000

Marking Bits: (ParMarkBitMap*) 0x00007fcde5e76de0
 Begin Bits: [0x00007fcde1904000, 0x00007fcde1a04000)
 End Bits:   [0x00007fcde1a04000, 0x00007fcde1b04000)

Polling page: 0x00007fcde6ab4000

CodeCache: size=245760Kb used=11540Kb max_used=11778Kb free=234219Kb
 bounds [0x00007fcdc5000000, 0x00007fcdc5ba0000, 0x00007fcdd4000000]
 total_blobs=3933 nmethods=3285 adapters=569
 compilation: enabled

Compilation events (10 events):
Event: 51,538 Thread 0x00007fcdd42b1800 3867   !   3       sun.awt.X11.XAtom::lookup (26 bytes)
Event: 51,538 Thread 0x00007fcdd42b1800 nmethod 3867 0x00007fcdc5828fd0 code [0x00007fcdc5829160, 0x00007fcdc5829638]
Event: 51,539 Thread 0x00007fcdd42b1800 3865       3       sun.awt.X11.XSelectionEvent::get_property (20 bytes)
Event: 51,539 Thread 0x00007fcdd42b1800 nmethod 3865 0x00007fcdc5847990 code [0x00007fcdc5847b20, 0x00007fcdc5847ee8]
Event: 51,936 Thread 0x00007fcdd42b1800 3868       3       sun.awt.X11.XBaseWindow::getXAWTRootWindow (4 bytes)
Event: 51,937 Thread 0x00007fcdd42b1800 nmethod 3868 0x00007fcdc54fae50 code [0x00007fcdc54fafc0, 0x00007fcdc54fb1b0]
Event: 51,937 Thread 0x00007fcdd42b1800 3869       3       sun.awt.X11.XRootWindow::getInstance (4 bytes)
Event: 51,937 Thread 0x00007fcdd42b1800 nmethod 3869 0x00007fcdc59efbd0 code [0x00007fcdc59efd40, 0x00007fcdc59efed0]
Event: 51,938 Thread 0x00007fcdd42b1800 3870       3       sun.awt.X11.XRootWindow$LazyHolder::access$100 (4 bytes)
Event: 51,938 Thread 0x00007fcdd42b1800 nmethod 3870 0x00007fcdc5545650 code [0x00007fcdc55457a0, 0x00007fcdc55458d0]

GC Heap History (10 events):
Event: 5,249 GC heap before
{Heap before GC invocations=19 (full 1):
 PSYoungGen      total 17920K, used 14912K [0x00000000feb00000, 0x0000000100000000, 0x0000000100000000)
  eden space 14336K, 100% used [0x00000000feb00000,0x00000000ff900000,0x00000000ff900000)
  from space 3584K, 16% used [0x00000000ff900000,0x00000000ff990000,0x00000000ffc80000)
  to   space 3584K, 0% used [0x00000000ffc80000,0x00000000ffc80000,0x0000000100000000)
 ParOldGen       total 18432K, used 10714K [0x00000000fc000000, 0x00000000fd200000, 0x00000000feb00000)
  object space 18432K, 58% used [0x00000000fc000000,0x00000000fca76b88,0x00000000fd200000)
 Metaspace       used 30096K, capacity 31692K, committed 31872K, reserved 1077248K
  class space    used 3691K, capacity 4211K, committed 4224K, reserved 1048576K
Event: 5,253 GC heap after
Heap after GC invocations=19 (full 1):
 PSYoungGen      total 17920K, used 448K [0x00000000feb00000, 0x0000000100000000, 0x0000000100000000)
  eden space 14336K, 0% used [0x00000000feb00000,0x00000000feb00000,0x00000000ff900000)
  from space 3584K, 12% used [0x00000000ffc80000,0x00000000ffcf0000,0x0000000100000000)
  to   space 3584K, 0% used [0x00000000ff900000,0x00000000ff900000,0x00000000ffc80000)
 ParOldGen       total 18432K, used 11151K [0x00000000fc000000, 0x00000000fd200000, 0x00000000feb00000)
  object space 18432K, 60% used [0x00000000fc000000,0x00000000fcae3eb0,0x00000000fd200000)
 Metaspace       used 30096K, capacity 31692K, committed 31872K, reserved 1077248K
  class space    used 3691K, capacity 4211K, committed 4224K, reserved 1048576K
}
Event: 5,452 GC heap before
{Heap before GC invocations=20 (full 1):
 PSYoungGen      total 17920K, used 14784K [0x00000000feb00000, 0x0000000100000000, 0x0000000100000000)
  eden space 14336K, 100% used [0x00000000feb00000,0x00000000ff900000,0x00000000ff900000)
  from space 3584K, 12% used [0x00000000ffc80000,0x00000000ffcf0000,0x0000000100000000)
  to   space 3584K, 0% used [0x00000000ff900000,0x00000000ff900000,0x00000000ffc80000)
 ParOldGen       total 18432K, used 11151K [0x00000000fc000000, 0x00000000fd200000, 0x00000000feb00000)
  object space 18432K, 60% used [0x00000000fc000000,0x00000000fcae3eb0,0x00000000fd200000)
 Metaspace       used 30672K, capacity 32370K, committed 32512K, reserved 1077248K
  class space    used 3763K, capacity 4282K, committed 4352K, reserved 1048576K
Event: 5,455 GC heap after
Heap after GC invocations=20 (full 1):
 PSYoungGen      total 17920K, used 874K [0x00000000feb00000, 0x0000000100000000, 0x0000000100000000)
  eden space 14336K, 0% used [0x00000000feb00000,0x00000000feb00000,0x00000000ff900000)
  from space 3584K, 24% used [0x00000000ff900000,0x00000000ff9da960,0x00000000ffc80000)
  to   space 3584K, 0% used [0x00000000ffc80000,0x00000000ffc80000,0x0000000100000000)
 ParOldGen       total 18432K, used 11499K [0x00000000fc000000, 0x00000000fd200000, 0x00000000feb00000)
  object space 18432K, 62% used [0x00000000fc000000,0x00000000fcb3aec0,0x00000000fd200000)
 Metaspace       used 30672K, capacity 32370K, committed 32512K, reserved 1077248K
  class space    used 3763K, capacity 4282K, committed 4352K, reserved 1048576K
}
Event: 18,368 GC heap before
{Heap before GC invocations=21 (full 1):
 PSYoungGen      total 17920K, used 14478K [0x00000000feb00000, 0x0000000100000000, 0x0000000100000000)
  eden space 14336K, 94% used [0x00000000feb00000,0x00000000ff8490c0,0x00000000ff900000)
  from space 3584K, 24% used [0x00000000ff900000,0x00000000ff9da960,0x00000000ffc80000)
  to   space 3584K, 0% used [0x00000000ffc80000,0x00000000ffc80000,0x0000000100000000)
 ParOldGen       total 18432K, used 11499K [0x00000000fc000000, 0x00000000fd200000, 0x00000000feb00000)
  object space 18432K, 62% used [0x00000000fc000000,0x00000000fcb3aec0,0x00000000fd200000)
 Metaspace       used 31418K, capacity 33094K, committed 33408K, reserved 1079296K
  class space    used 3828K, capacity 4353K, committed 4480K, reserved 1048576K
Event: 18,374 GC heap after
Heap after GC invocations=21 (full 1):
 PSYoungGen      total 17920K, used 480K [0x00000000feb00000, 0x0000000100000000, 0x0000000100000000)
  eden space 14336K, 0% used [0x00000000feb00000,0x00000000feb00000,0x00000000ff900000)
  from space 3584K, 13% used [0x00000000ffc80000,0x00000000ffcf8000,0x0000000100000000)
  to   space 3584K, 0% used [0x00000000ff900000,0x00000000ff900000,0x00000000ffc80000)
 ParOldGen       total 18432K, used 12261K [0x00000000fc000000, 0x00000000fd200000, 0x00000000feb00000)
  object space 18432K, 66% used [0x00000000fc000000,0x00000000fcbf95f8,0x00000000fd200000)
 Metaspace       used 31418K, capacity 33094K, committed 33408K, reserved 1079296K
  class space    used 3828K, capacity 4353K, committed 4480K, reserved 1048576K
}
Event: 20,588 GC heap before
{Heap before GC invocations=22 (full 1):
 PSYoungGen      total 17920K, used 14816K [0x00000000feb00000, 0x0000000100000000, 0x0000000100000000)
  eden space 14336K, 100% used [0x00000000feb00000,0x00000000ff900000,0x00000000ff900000)
  from space 3584K, 13% used [0x00000000ffc80000,0x00000000ffcf8000,0x0000000100000000)
  to   space 3584K, 0% used [0x00000000ff900000,0x00000000ff900000,0x00000000ffc80000)
 ParOldGen       total 18432K, used 12261K [0x00000000fc000000, 0x00000000fd200000, 0x00000000feb00000)
  object space 18432K, 66% used [0x00000000fc000000,0x00000000fcbf95f8,0x00000000fd200000)
 Metaspace       used 31775K, capacity 33534K, committed 33920K, reserved 1079296K
  class space    used 3857K, capacity 4389K, committed 4480K, reserved 1048576K
Event: 20,591 GC heap after
Heap after GC invocations=22 (full 1):
 PSYoungGen      total 16384K, used 1536K [0x00000000feb00000, 0x00000000fff00000, 0x0000000100000000)
  eden space 14336K, 0% used [0x00000000feb00000,0x00000000feb00000,0x00000000ff900000)
  from space 2048K, 75% used [0x00000000ff900000,0x00000000ffa80010,0x00000000ffb00000)
  to   space 3072K, 0% used [0x00000000ffc00000,0x00000000ffc00000,0x00000000fff00000)
 ParOldGen       total 18432K, used 12269K [0x00000000fc000000, 0x00000000fd200000, 0x00000000feb00000)
  object space 18432K, 66% used [0x00000000fc000000,0x00000000fcbfb5f8,0x00000000fd200000)
 Metaspace       used 31775K, capacity 33534K, committed 33920K, reserved 1079296K
  class space    used 3857K, capacity 4389K, committed 4480K, reserved 1048576K
}
Event: 23,763 GC heap before
{Heap before GC invocations=23 (full 1):
 PSYoungGen      total 16384K, used 15872K [0x00000000feb00000, 0x00000000fff00000, 0x0000000100000000)
  eden space 14336K, 100% used [0x00000000feb00000,0x00000000ff900000,0x00000000ff900000)
  from space 2048K, 75% used [0x00000000ff900000,0x00000000ffa80010,0x00000000ffb00000)
  to   space 3072K, 0% used [0x00000000ffc00000,0x00000000ffc00000,0x00000000fff00000)
 ParOldGen       total 18432K, used 12269K [0x00000000fc000000, 0x00000000fd200000, 0x00000000feb00000)
  object space 18432K, 66% used [0x00000000fc000000,0x00000000fcbfb5f8,0x00000000fd200000)
 Metaspace       used 31778K, capacity 33534K, committed 33920K, reserved 1079296K
  class space    used 3857K, capacity 4389K, committed 4480K, reserved 1048576K
Event: 23,768 GC heap after
Heap after GC invocations=23 (full 1):
 PSYoungGen      total 16896K, used 2004K [0x00000000feb00000, 0x0000000100000000, 0x0000000100000000)
  eden space 13824K, 0% used [0x00000000feb00000,0x00000000feb00000,0x00000000ff880000)
  from space 3072K, 65% used [0x00000000ffc00000,0x00000000ffdf5308,0x00000000fff00000)
  to   space 3584K, 0% used [0x00000000ff880000,0x00000000ff880000,0x00000000ffc00000)
 ParOldGen       total 18432K, used 12269K [0x00000000fc000000, 0x00000000fd200000, 0x00000000feb00000)
  object space 18432K, 66% used [0x00000000fc000000,0x00000000fcbfb5f8,0x00000000fd200000)
 Metaspace       used 31778K, capacity 33534K, committed 33920K, reserved 1079296K
  class space    used 3857K, capacity 4389K, committed 4480K, reserved 1048576K
}

Deoptimization events (10 events):
Event: 8,574 Thread 0x00007fcdd47d4000 Uncommon trap: reason=bimorphic action=maybe_recompile pc=0x00007fcdc59399f8 method=org.openide.util.Enumerations$FilEn.hasMoreElements()Z @ 17
Event: 8,575 Thread 0x00007fcdd47d4000 Uncommon trap: reason=bimorphic action=maybe_recompile pc=0x00007fcdc59399f8 method=org.openide.util.Enumerations$FilEn.hasMoreElements()Z @ 17
Event: 8,575 Thread 0x00007fcdd47d4000 Uncommon trap: reason=bimorphic action=maybe_recompile pc=0x00007fcdc59399f8 method=org.openide.util.Enumerations$FilEn.hasMoreElements()Z @ 17
Event: 8,575 Thread 0x00007fcdd47d4000 Uncommon trap: reason=bimorphic action=maybe_recompile pc=0x00007fcdc59399f8 method=org.openide.util.Enumerations$FilEn.hasMoreElements()Z @ 17
Event: 13,757 Thread 0x00007fcd780d6000 Uncommon trap: reason=unstable_if action=reinterpret pc=0x00007fcdc53b420c method=java.util.IdentityHashMap.containsKey(Ljava/lang/Object;)Z @ 38
Event: 13,864 Thread 0x00007fcd780d6000 Uncommon trap: reason=unstable_if action=reinterpret pc=0x00007fcdc5b180bc method=java.util.zip.ZipFile.getInputStream(Ljava/util/zip/ZipEntry;)Ljava/io/InputStream; @ 201
Event: 13,866 Thread 0x00007fcd780d6000 Uncommon trap: reason=unstable_if action=reinterpret pc=0x00007fcdc5af2b64 method=java.util.zip.ZipFile.getInputStream(Ljava/util/zip/ZipEntry;)Ljava/io/InputStream; @ 201
Event: 18,378 Thread 0x00007fcd78383800 Uncommon trap: reason=unstable_if action=reinterpret pc=0x00007fcdc5732544 method=java.io.DataOutputStream.writeUTF(Ljava/lang/String;Ljava/io/DataOutput;)I @ 30
Event: 19,493 Thread 0x00007fcd78383800 Uncommon trap: reason=unstable_if action=reinterpret pc=0x00007fcdc525a854 method=java.util.concurrent.ConcurrentHashMap.putVal(Ljava/lang/Object;Ljava/lang/Object;Z)Ljava/lang/Object; @ 206
Event: 23,242 Thread 0x00007fcd78383800 Uncommon trap: reason=predicate action=maybe_recompile pc=0x00007fcdc554ee48 method=java.util.AbstractCollection.toArray([Ljava/lang/Object;)[Ljava/lang/Object; @ 49

Internal exceptions (10 events):
Event: 1,148 Thread 0x00007fcd780d6000 Implicit null exception at 0x00007fcdc51a3736 to 0x00007fcdc51a3b89
Event: 1,671 Thread 0x00007fcdd47db000 Exception <a 'java/lang/ClassNotFoundException': sun/net/www/content/content/unknown> (0x00000000ff701ec0) thrown at [/HUDSON/workspace/8-2-build-linux-amd64/jdk8u60/4407/hotspot/src/share/vm/classfile/systemDictionary.cpp, line 210]
Event: 2,723 Thread 0x00007fcdd47db000 Exception <a 'java/io/FileNotFoundException'> (0x00000000ff6c86b8) thrown at [/HUDSON/workspace/8-2-build-linux-amd64/jdk8u60/4407/hotspot/src/share/vm/prims/jni.cpp, line 709]
Event: 3,558 Thread 0x00007fcd780d6000 Exception <a 'java/lang/UnsupportedOperationException': > (0x00000000ff3ab3d0) thrown at [/HUDSON/workspace/8-2-build-linux-amd64/jdk8u60/4407/hotspot/src/share/vm/prims/jni.cpp, line 735]
Event: 3,686 Thread 0x00007fcd5c12e800 Exception <a 'java/lang/UnsatisfiedLinkError': libX11.so: Kann die Shared-Object-Datei nicht öffnen: Datei oder Verzeichnis nicht gefunden> (0x00000000ff252bf8) thrown at [/HUDSON/workspace/8-2-build-linux-amd64/jdk8u60/4407/hotspot/src/share/vm/prims/jn
Event: 3,686 Thread 0x00007fcd5c12e800 Exception <a 'java/lang/UnsatisfiedLinkError': libX11.so: Kann die Shared-Object-Datei nicht öffnen: Datei oder Verzeichnis nicht gefunden> (0x00000000ff253928) thrown at [/HUDSON/workspace/8-2-build-linux-amd64/jdk8u60/4407/hotspot/src/share/vm/prims/jn
Event: 3,780 Thread 0x00007fcd5c12e800 Exception <a 'java/lang/UnsatisfiedLinkError': libXrender.so: Kann die Shared-Object-Datei nicht öffnen: Datei oder Verzeichnis nicht gefunden> (0x00000000feb184b8) thrown at [/HUDSON/workspace/8-2-build-linux-amd64/jdk8u60/4407/hotspot/src/share/vm/prim
Event: 3,780 Thread 0x00007fcd5c12e800 Exception <a 'java/lang/UnsatisfiedLinkError': libXrender.so: Kann die Shared-Object-Datei nicht öffnen: Datei oder Verzeichnis nicht gefunden> (0x00000000feb1eff0) thrown at [/HUDSON/workspace/8-2-build-linux-amd64/jdk8u60/4407/hotspot/src/share/vm/prim
Event: 5,180 Thread 0x00007fcd78490800 Implicit null exception at 0x00007fcdc58d73dc to 0x00007fcdc58da0f1
Event: 20,042 Thread 0x00007fcd78383800 Exception <a 'java/lang/NoSuchMethodError': <clinit>> (0x00000000ff3306e8) thrown at [/HUDSON/workspace/8-2-build-linux-amd64/jdk8u60/4407/hotspot/src/share/vm/prims/jni.cpp, line 1591]

Events (10 events):
Event: 51,938 Thread 0x00007fcdd42b1800 flushing nmethod 0x00007fcdc5aed290
Event: 51,939 Thread 0x00007fcdd42b1800 flushing nmethod 0x00007fcdc5b10610
Event: 52,107 Executing VM operation: EnterInterpOnlyMode
Event: 52,108 Executing VM operation: EnterInterpOnlyMode done
Event: 52,108 Executing VM operation: GetCurrentLocation
Event: 52,108 Executing VM operation: GetCurrentLocation done
Event: 52,108 Executing VM operation: ChangeSingleStep
Event: 52,108 Executing VM operation: ChangeSingleStep done
Event: 52,111 Executing VM operation: ChangeSingleStep
Event: 52,111 Executing VM operation: ChangeSingleStep done


Dynamic libraries:
00400000-00401000 r-xp 00000000 08:32 958534                             /usr/java/jdk1.8.0_60/bin/java
00600000-00601000 rw-p 00000000 08:32 958534                             /usr/java/jdk1.8.0_60/bin/java
01ea5000-01eec000 rw-p 00000000 00:00 0                                  [heap]
fc000000-fd200000 rw-p 00000000 00:00 0 
fd200000-feb00000 ---p 00000000 00:00 0 
feb00000-100000000 rw-p 00000000 00:00 0 
100000000-100460000 rw-p 00000000 00:00 0 
100460000-140000000 ---p 00000000 00:00 0 
7fcd4c000000-7fcd4c021000 rw-p 00000000 00:00 0 
7fcd4c021000-7fcd50000000 ---p 00000000 00:00 0 
7fcd537e0000-7fcd537ed000 r-xp 00000000 08:32 433374                     /tmp/rxtxSerial-amd64.so
7fcd537ed000-7fcd539ec000 ---p 0000d000 08:32 433374                     /tmp/rxtxSerial-amd64.so
7fcd539ec000-7fcd539ed000 rw-p 0000c000 08:32 433374                     /tmp/rxtxSerial-amd64.so
7fcd539f0000-7fcd53ab0000 rw-p 00000000 00:00 0 
7fcd53ab0000-7fcd53bf0000 ---p 00000000 00:00 0 
7fcd53bf0000-7fcd53bf8000 r-xp 00000000 08:32 958692                     /usr/java/jdk1.8.0_60/jre/lib/amd64/libmanagement.so
7fcd53bf8000-7fcd53df8000 ---p 00008000 08:32 958692                     /usr/java/jdk1.8.0_60/jre/lib/amd64/libmanagement.so
7fcd53df8000-7fcd53df9000 rw-p 00008000 08:32 958692                     /usr/java/jdk1.8.0_60/jre/lib/amd64/libmanagement.so
7fcd53e00000-7fcd54000000 rw-p 00000000 00:00 0 
7fcd54000000-7fcd5410c000 rw-p 00000000 00:00 0 
7fcd5410c000-7fcd58000000 ---p 00000000 00:00 0 
7fcd58000000-7fcd58021000 rw-p 00000000 00:00 0 
7fcd58021000-7fcd5c000000 ---p 00000000 00:00 0 
7fcd5c000000-7fcd5c43f000 rw-p 00000000 00:00 0 
7fcd5c43f000-7fcd60000000 ---p 00000000 00:00 0 
7fcd60000000-7fcd6028b000 rw-p 00000000 00:00 0 
7fcd6028b000-7fcd64000000 ---p 00000000 00:00 0 
7fcd64000000-7fcd64029000 rw-p 00000000 00:00 0 
7fcd64029000-7fcd68000000 ---p 00000000 00:00 0 
7fcd68000000-7fcd68021000 rw-p 00000000 00:00 0 
7fcd68021000-7fcd6c000000 ---p 00000000 00:00 0 
7fcd6c000000-7fcd6c021000 rw-p 00000000 00:00 0 
7fcd6c021000-7fcd70000000 ---p 00000000 00:00 0 
7fcd70000000-7fcd70021000 rw-p 00000000 00:00 0 
7fcd70021000-7fcd74000000 ---p 00000000 00:00 0 
7fcd74000000-7fcd74265000 rw-p 00000000 00:00 0 
7fcd74265000-7fcd78000000 ---p 00000000 00:00 0 
7fcd78000000-7fcd78845000 rw-p 00000000 00:00 0 
7fcd78845000-7fcd7c000000 ---p 00000000 00:00 0 
7fcd7c000000-7fcd7c031000 rw-p 00000000 00:00 0 
7fcd7c031000-7fcd80000000 ---p 00000000 00:00 0 
7fcd80000000-7fcd80021000 rw-p 00000000 00:00 0 
7fcd80021000-7fcd84000000 ---p 00000000 00:00 0 
7fcd84000000-7fcd84021000 rw-p 00000000 00:00 0 
7fcd84021000-7fcd88000000 ---p 00000000 00:00 0 
7fcd88000000-7fcd88021000 rw-p 00000000 00:00 0 
7fcd88021000-7fcd8c000000 ---p 00000000 00:00 0 
7fcd8c00a000-7fcd8c00d000 ---p 00000000 00:00 0 
7fcd8c00d000-7fcd8c30b000 rw-p 00000000 00:00 0                          [stack:22478]
7fcd8c30b000-7fcd8c50b000 rw-p 00000000 00:00 0 
7fcd8c50b000-7fcd8c50e000 ---p 00000000 00:00 0 
7fcd8c50e000-7fcd8c80c000 rw-p 00000000 00:00 0 
7fcd8c80c000-7fcd8c80f000 ---p 00000000 00:00 0 
7fcd8c80f000-7fcd8c90d000 rw-p 00000000 00:00 0                          [stack:22474]
7fcd8c90d000-7fcd8c910000 ---p 00000000 00:00 0 
7fcd8c910000-7fcd8ca0e000 rw-p 00000000 00:00 0                          [stack:22473]
7fcd8ca0e000-7fcd8ca11000 ---p 00000000 00:00 0 
7fcd8ca11000-7fcd8cd0f000 rw-p 00000000 00:00 0                          [stack:22472]
7fcd8cd0f000-7fcd8cf0f000 rw-p 00000000 00:00 0 
7fcd8cf0f000-7fcd8cf12000 ---p 00000000 00:00 0 
7fcd8cf12000-7fcd8d010000 rw-p 00000000 00:00 0                          [stack:22471]
7fcd8d010000-7fcd8d017000 r--s 00000000 09:00 54330782                   /home/wolfi/.cache/fontconfig/ddb9fa54c8dd46c00ff33564bc15fdc0-x86_64.cache-4
7fcd8d018000-7fcd8d019000 r--s 00000000 08:32 539198                     /var/cache/fontconfig/043b929c992230c150c6c53f31e6b3fa-x86_64.cache-4
7fcd8d020000-7fcd8d023000 r--s 00000000 08:32 542623                     /var/cache/fontconfig/d458be102e54cf534d1eef0dcbb02d07-x86_64.cache-4
7fcd8d028000-7fcd8d085000 r--s 00000000 08:32 542989                     /var/cache/fontconfig/7ef2298fde41cc6eeb7af42e48b7d293-x86_64.cache-4
7fcd8d088000-7fcd8d09e000 r--s 00000000 08:32 542610                     /var/cache/fontconfig/b5c7c63143a222d0fb41621bb05e4dd9-x86_64.cache-4
7fcd8d0a0000-7fcd8d0d6000 r--s 00000000 08:32 542497                     /var/cache/fontconfig/7e1fba7718b83835f0117a869412581c-x86_64.cache-4
7fcd8d0d8000-7fcd8d10f000 r--s 00000000 08:32 538921                     /var/cache/fontconfig/8d4af663993b81a124ee82e610bb31f9-x86_64.cache-4
7fcd8d110000-7fcd8d184000 r--s 00000000 08:32 538912                     /var/cache/fontconfig/17090aa38d5c6f09fb8c5c354938f1d7-x86_64.cache-4
7fcd8d188000-7fcd8d1fc000 r--s 00000000 08:32 538910                     /var/cache/fontconfig/df311e82a1a24c41a75c2c930223552e-x86_64.cache-4
7fcd8d2b7000-7fcd8d2cc000 r--s 000ff000 08:32 958883                     /usr/java/jdk1.8.0_60/jre/lib/resources.jar
7fcd8d2d0000-7fcd8d2e7000 r-xp 00000000 09:00 65013583                   /home/wolfi/projects/avrwb/application/target/avrwb/platform/modules/lib/amd64/linux/libjnidispatch-410.so
7fcd8d2e7000-7fcd8d3e6000 ---p 00017000 09:00 65013583                   /home/wolfi/projects/avrwb/application/target/avrwb/platform/modules/lib/amd64/linux/libjnidispatch-410.so
7fcd8d3e6000-7fcd8d3e8000 rw-p 00016000 09:00 65013583                   /home/wolfi/projects/avrwb/application/target/avrwb/platform/modules/lib/amd64/linux/libjnidispatch-410.so
7fcd8d3e8000-7fcd8d3eb000 ---p 00000000 00:00 0 
7fcd8d3eb000-7fcd8d4e9000 rw-p 00000000 00:00 0                          [stack:22470]
7fcd8d4e9000-7fcd8d4eb000 r--s 00001000 08:32 958798                     /usr/java/jdk1.8.0_60/jre/lib/ext/dnsns.jar
7fcd8d4f0000-7fcd8d4f8000 r--s 00078000 09:00 65013521                   /home/wolfi/projects/avrwb/application/target/avrwb/platform/modules/ext/felix-4.2.1.jar
7fcd8d4f8000-7fcd8d4fa000 r--s 00000000 09:00 65013557                   /home/wolfi/projects/avrwb/application/target/avrwb/platform/modules/org-netbeans-libs-felix.jar
7fcd8d4fc000-7fcd8d502000 r--s 00044000 09:00 65014043                   /home/wolfi/projects/avrwb/application/target/avrwb/avrwb/modules/ext/com.avrwb.assembler/org-antlr/antlr4-runtime.jar
7fcd8d506000-7fcd8d50f000 r--s 0004e000 09:00 65014039                   /home/wolfi/projects/avrwb/application/target/avrwb/avrwb/modules/com-avrwb-assembler.jar
7fcd8d510000-7fcd8d511000 r--s 00000000 09:00 65014023                   /home/wolfi/projects/avrwb/application/target/avrwb/avrwb/modules/com-avrwb-branding.jar
7fcd8d518000-7fcd8d51a000 r--s 00050000 09:00 72026574                   /home/wolfi/projects/avrwb/application/target/avrwb/avrwb/modules/ext/com.avrwb.com.avrwb.programmer/name-prokop-bart-rxtx/rxtx.jar
7fcd8d51b000-7fcd8d51c000 r--s 00063000 09:00 72026576                   /home/wolfi/projects/avrwb/application/target/avrwb/avrwb/modules/ext/com.avrwb.com.avrwb.programmer/org-bidib-jbidib/bidib-rxtx-binaries.jar
7fcd8d521000-7fcd8d522000 r--s 00001000 09:00 65014046                   /home/wolfi/projects/avrwb/application/target/avrwb/avrwb/modules/com-avrwb-com-avrwb-programmer.jar
7fcd8d527000-7fcd8d52b000 r--s 00037000 09:00 65014030                   /home/wolfi/projects/avrwb/application/target/avrwb/avrwb/modules/com-avrwb-core.jar
7fcd8d52b000-7fcd8d52f000 r--s 00023000 09:00 65014036                   /home/wolfi/projects/avrwb/application/target/avrwb/avrwb/modules/com-avrwb-base.jar
7fcd8d530000-7fcd8d531000 r--s 00000000 09:00 65014033                   /home/wolfi/projects/avrwb/application/target/avrwb/avrwb/modules/com-avrwb-vdbg.jar
7fcd8d531000-7fcd8d533000 r--s 00009000 09:00 65013547                   /home/wolfi/projects/avrwb/application/target/avrwb/platform/modules/org-netbeans-core-io-ui.jar
7fcd8d535000-7fcd8d538000 r--s 00035000 09:00 65013555                   /home/wolfi/projects/avrwb/application/target/avrwb/platform/modules/org-netbeans-core-multitabs.jar
7fcd8d539000-7fcd8d53b000 r--s 00001000 09:00 65012233                   /home/wolfi/projects/avrwb/application/target/avrwb/platform/modules/org-netbeans-core-nativeaccess.jar
7fcd8d53d000-7fcd8d53e000 r--s 0000d000 09:00 65012241                   /home/wolfi/projects/avrwb/application/target/avrwb/platform/modules/org-netbeans-core-netigso.jar
7fcd8d53f000-7fcd8d541000 r--s 00017000 09:00 65012604                   /home/wolfi/projects/avrwb/application/target/avrwb/platform/modules/org-netbeans-core-network.jar
7fcd8d543000-7fcd8d548000 r--s 00083000 09:00 65013345                   /home/wolfi/projects/avrwb/application/target/avrwb/platform/modules/org-netbeans-core-output2.jar
7fcd8d54d000-7fcd8d55e000 r--s 00155000 09:00 65013570                   /home/wolfi/projects/avrwb/application/target/avrwb/platform/modules/ext/jna-platform-4.1.0.jar
7fcd8d560000-7fcd8d562000 r--s 00000000 09:00 65013575                   /home/wolfi/projects/avrwb/application/target/avrwb/platform/modules/org-netbeans-libs-jna-platform.jar
7fcd8d568000-7fcd8d569000 r--s 00000000 09:00 65013672                   /home/wolfi/projects/avrwb/application/target/avrwb/platform/modules/org-netbeans-modules-core-kit.jar
7fcd8d56c000-7fcd8d575000 r--s 000fc000 09:00 65013664                   /home/wolfi/projects/avrwb/application/target/avrwb/platform/modules/org-netbeans-modules-autoupdate-ui.jar
7fcd8d577000-7fcd8d57e000 r--s 0002f000 09:00 65013615                   /home/wolfi/projects/avrwb/application/target/avrwb/platform/modules/ext/osgi.cmpn-4.2.jar
7fcd8d57e000-7fcd8d586000 r--s 0005e000 09:00 65013616                   /home/wolfi/projects/avrwb/application/target/avrwb/platform/modules/ext/osgi.core-5.0.0.jar
7fcd8d588000-7fcd8d589000 r--s 00000000 09:00 65013621                   /home/wolfi/projects/avrwb/application/target/avrwb/platform/modules/org-netbeans-libs-osgi.jar
7fcd8d589000-7fcd8d58e000 r--s 00061000 09:00 65013351                   /home/wolfi/projects/avrwb/application/target/avrwb/platform/modules/org-netbeans-core-ui.jar
7fcd8d590000-7fcd8d591000 r--s 00000000 09:00 65014025                   /home/wolfi/projects/avrwb/application/target/avrwb/avrwb/modules/locale/org-netbeans-core-windows_avrwb.jar
7fcd8d594000-7fcd8d5a5000 r--s 0023c000 09:00 65013361                   /home/wolfi/projects/avrwb/application/target/avrwb/platform/modules/org-netbeans-core-windows.jar
7fcd8d5a9000-7fcd8d5aa000 r--s 00009000 09:00 65013644                   /home/wolfi/projects/avrwb/application/target/avrwb/platform/modules/org-netbeans-modules-autoupdate-cli.jar
7fcd8d5ae000-7fcd8d5b0000 r--s 0003e000 09:00 65013652                   /home/wolfi/projects/avrwb/application/target/avrwb/platform/modules/ext/updater.jar
7fcd8d5b6000-7fcd8d5bb000 r--s 000be000 09:00 65013657                   /home/wolfi/projects/avrwb/application/target/avrwb/platform/modules/org-netbeans-modules-autoupdate-services.jar
7fcd8d5bd000-7fcd8d5bf000 r--s 0000d000 09:00 65013679                   /home/wolfi/projects/avrwb/application/target/avrwb/platform/modules/org-netbeans-modules-editor-mimelookup-impl.jar
7fcd8d5c2000-7fcd8d5c4000 r--s 0001a000 09:00 65013693                   /home/wolfi/projects/avrwb/application/target/avrwb/platform/modules/org-netbeans-modules-favorites.jar
7fcd8d5c8000-7fcd8d5ca000 r--s 00008000 09:00 65013731                   /home/wolfi/projects/avrwb/application/target/avrwb/platform/modules/org-netbeans-modules-keyring-impl.jar
7fcd8d5d0000-7fcd8d5d2000 r--s 00008000 09:00 65013724                   /home/wolfi/projects/avrwb/application/target/avrwb/platform/modules/org-netbeans-modules-keyring-fallback.jar
7fcd8d5d2000-7fcd8d5d3000 r--s 00002000 09:00 65013745                   /home/wolfi/projects/avrwb/application/target/avrwb/platform/modules/org-netbeans-modules-masterfs-linux.jar
7fcd8d5d4000-7fcd8d5d7000 r--s 000dc000 09:00 65013578                   /home/wolfi/projects/avrwb/application/target/avrwb/platform/modules/ext/jna-4.1.0.jar
7fcd8d5d9000-7fcd8d5da000 r--s 00001000 09:00 65013596                   /home/wolfi/projects/avrwb/application/target/avrwb/platform/modules/org-netbeans-libs-jna.jar
7fcd8d5e1000-7fcd8d5e2000 r--s 00001000 09:00 65013759                   /home/wolfi/projects/avrwb/application/target/avrwb/platform/modules/org-netbeans-modules-masterfs-nio2.jar
7fcd8d5e2000-7fcd8d5e3000 r--s 00002000 09:00 65013766                   /home/wolfi/projects/avrwb/application/target/avrwb/platform/modules/org-netbeans-modules-masterfs-ui.jar
7fcd8d5e4000-7fcd8d5e9000 r--s 00074000 09:00 65013781                   /home/wolfi/projects/avrwb/application/target/avrwb/platform/modules/org-netbeans-modules-masterfs.jar
7fcd8d5f0000-7fcd8d5f5000 r--s 00068000 09:00 65013804                   /home/wolfi/projects/avrwb/application/target/avrwb/platform/modules/org-netbeans-modules-options-keymap.jar
7fcd8d5f5000-7fcd8d5fb000 r--s 0007d000 09:00 65013797                   /home/wolfi/projects/avrwb/application/target/avrwb/platform/modules/org-netbeans-modules-options-api.jar
7fcd8d600000-7fcd8d601000 r--s 00000000 09:00 65014026                   /home/wolfi/projects/avrwb/application/target/avrwb/avrwb/modules/locale/org-netbeans-core_avrwb.jar
7fcd8d605000-7fcd8d60c000 r--s 00095000 09:00 65013407                   /home/wolfi/projects/avrwb/application/target/avrwb/platform/modules/org-netbeans-core.jar
7fcd8d60c000-7fcd8d60d000 r--s 00004000 09:00 65013738                   /home/wolfi/projects/avrwb/application/target/avrwb/platform/modules/org-netbeans-modules-keyring.jar
7fcd8d60e000-7fcd8d612000 r--s 0003e000 09:00 65013811                   /home/wolfi/projects/avrwb/application/target/avrwb/platform/modules/org-netbeans-modules-print.jar
7fcd8d614000-7fcd8d617000 r--s 00024000 09:00 65013818                   /home/wolfi/projects/avrwb/application/target/avrwb/platform/modules/org-netbeans-modules-progress-ui.jar
7fcd8d619000-7fcd8d61b000 r--s 00009000 09:00 65013833                   /home/wolfi/projects/avrwb/application/target/avrwb/platform/modules/org-netbeans-modules-sampler.jar
7fcd8d621000-7fcd8d623000 r--s 00019000 09:00 65013840                   /home/wolfi/projects/avrwb/application/target/avrwb/platform/modules/org-netbeans-modules-sendopts.jar
7fcd8d627000-7fcd8d62a000 r--s 0003f000 09:00 65013847                   /home/wolfi/projects/avrwb/application/target/avrwb/platform/modules/org-netbeans-modules-settings.jar
7fcd8d62f000-7fcd8d631000 r--s 00027000 09:00 65013861                   /home/wolfi/projects/avrwb/application/target/avrwb/platform/modules/org-netbeans-modules-templates.jar
7fcd8d637000-7fcd8d63a000 r--s 0002f000 09:00 65013882                   /home/wolfi/projects/avrwb/application/target/avrwb/platform/modules/org-netbeans-spi-quicksearch.jar
7fcd8d63a000-7fcd8d63d000 r--s 0003a000 09:00 65013896                   /home/wolfi/projects/avrwb/application/target/avrwb/platform/modules/org-netbeans-swing-plaf.jar
7fcd8d63f000-7fcd8d641000 r--s 00017000 09:00 65013968                   /home/wolfi/projects/avrwb/application/target/avrwb/platform/modules/org-openide-io.jar
7fcd8d648000-7fcd8d64a000 r--s 00010000 09:00 65013482                   /home/wolfi/projects/avrwb/application/target/avrwb/platform/modules/org-netbeans-api-io.jar
7fcd8d64a000-7fcd8d64c000 r--s 0000a000 09:00 65013475                   /home/wolfi/projects/avrwb/application/target/avrwb/platform/modules/org-netbeans-api-intent.jar
7fcd8d651000-7fcd8d65b000 r--s 00151000 09:00 65013976                   /home/wolfi/projects/avrwb/application/target/avrwb/platform/modules/org-openide-loaders.jar
7fcd8d65d000-7fcd8d65f000 r--s 0000d000 09:00 65013961                   /home/wolfi/projects/avrwb/application/target/avrwb/platform/modules/org-openide-filesystems-nb.jar
7fcd8d665000-7fcd8d666000 r--s 0000d000 09:00 65013523                   /home/wolfi/projects/avrwb/application/target/avrwb/platform/modules/org-netbeans-api-templates.jar
7fcd8d66d000-7fcd8d66f000 r--s 0000d000 09:00 65013826                   /home/wolfi/projects/avrwb/application/target/avrwb/platform/modules/org-netbeans-modules-queries.jar
7fcd8d674000-7fcd8d677000 r--s 00034000 09:00 65013910                   /home/wolfi/projects/avrwb/application/target/avrwb/platform/modules/org-openide-actions.jar
7fcd8d678000-7fcd8d686000 r--s 001b8000 09:00 65013954                   /home/wolfi/projects/avrwb/application/target/avrwb/platform/modules/org-openide-explorer.jar
7fcd8d68c000-7fcd8d68f000 r--s 00044000 09:00 65013889                   /home/wolfi/projects/avrwb/application/target/avrwb/platform/modules/org-netbeans-swing-outline.jar
7fcd8d695000-7fcd8d895000 rw-p 00000000 00:00 0 
7fcd8d895000-7fcd8d8a4000 r--s 00115000 09:00 65013903                   /home/wolfi/projects/avrwb/application/target/avrwb/platform/modules/org-netbeans-swing-tabcontrol.jar
7fcd8d8a8000-7fcd8d8ac000 r--s 00068000 09:00 65013999                   /home/wolfi/projects/avrwb/application/target/avrwb/platform/modules/org-openide-text.jar
7fcd8d8ad000-7fcd8d8af000 r--s 0000d000 09:00 65013686                   /home/wolfi/projects/avrwb/application/target/avrwb/platform/modules/org-netbeans-modules-editor-mimelookup.jar
7fcd8d8b2000-7fcd8d8b5000 r--s 0002a000 09:00 65014013                   /home/wolfi/projects/avrwb/application/target/avrwb/platform/modules/org-openide-windows.jar
7fcd8d8b7000-7fcd8d8bd000 r--s 0008f000 09:00 65013984                   /home/wolfi/projects/avrwb/application/target/avrwb/platform/modules/org-openide-nodes.jar
7fcd8d8c4000-7fcd8d8c6000 r--s 00034000 09:00 65013931                   /home/wolfi/projects/avrwb/application/target/avrwb/platform/modules/org-openide-dialogs.jar
7fcd8d8c6000-7fcd8d8c8000 r--s 00006000 09:00 65013498                   /home/wolfi/projects/avrwb/application/target/avrwb/platform/modules/org-netbeans-api-progress-nb.jar
7fcd8d8cd000-7fcd8d8cf000 r--s 00015000 09:00 65013507                   /home/wolfi/projects/avrwb/application/target/avrwb/platform/modules/org-netbeans-api-progress.jar
7fcd8d8cf000-7fcd8d8d7000 r--s 000a7000 09:00 65013917                   /home/wolfi/projects/avrwb/application/target/avrwb/platform/modules/org-openide-awt.jar
7fcd8d8dc000-7fcd8d8dd000 r--s 00004000 09:00 65013459                   /home/wolfi/projects/avrwb/application/target/avrwb/platform/modules/org-netbeans-api-annotations-common.jar
7fcd8d8e0000-7fcd8d949000 r-xp 00000000 08:32 958706                     /usr/java/jdk1.8.0_60/jre/lib/amd64/libt2k.so
7fcd8d949000-7fcd8db49000 ---p 00069000 08:32 958706                     /usr/java/jdk1.8.0_60/jre/lib/amd64/libt2k.so
7fcd8db49000-7fcd8db50000 rw-p 00069000 08:32 958706                     /usr/java/jdk1.8.0_60/jre/lib/amd64/libt2k.so
7fcd8db50000-7fcd8db60000 rw-p 00000000 00:00 0 
7fcd8db64000-7fcd8dd64000 rw-p 00000000 00:00 0 
7fcd8dd64000-7fcd8df64000 rw-p 00000000 00:00 0 
7fcd8df64000-7fcd8df67000 ---p 00000000 00:00 0 
7fcd8df67000-7fcd8e065000 rw-p 00000000 00:00 0                          [stack:22469]
7fcd8e065000-7fcd8e068000 ---p 00000000 00:00 0 
7fcd8e068000-7fcd8e166000 rw-p 00000000 00:00 0                          [stack:22468]
7fcd8e166000-7fcd8e169000 ---p 00000000 00:00 0 
7fcd8e169000-7fcd8e267000 rw-p 00000000 00:00 0                          [stack:22467]
7fcd8e267000-7fcd8e26a000 ---p 00000000 00:00 0 
7fcd8e26a000-7fcd8e368000 rw-p 00000000 00:00 0                          [stack:22466]
7fcd8e368000-7fcd8e39d000 r--s 00000000 00:10 7850                       /var/run/nscd/dbcBpqk4 (deleted)
7fcd8e39f000-7fcd8e3a2000 ---p 00000000 00:00 0 
7fcd8e3a2000-7fcd8e6a0000 rw-p 00000000 00:00 0                          [stack:22465]
7fcd8e6a0000-7fcd8e6b6000 r-xp 00000000 08:32 262667                     /lib64/libgcc_s.so.1
7fcd8e6b6000-7fcd8e8b5000 ---p 00016000 08:32 262667                     /lib64/libgcc_s.so.1
7fcd8e8b5000-7fcd8e8b6000 r--p 00015000 08:32 262667                     /lib64/libgcc_s.so.1
7fcd8e8b6000-7fcd8e8b7000 rw-p 00016000 08:32 262667                     /lib64/libgcc_s.so.1
7fcd8e8b8000-7fcd8e8b9000 r--s 00000000 08:32 542654                     /var/cache/fontconfig/e0ed30af56c2fadbc3008fe08b74a030-x86_64.cache-4
7fcd8e8c0000-7fcd8e8c1000 r--s 00000000 08:32 542611                     /var/cache/fontconfig/2f36c32c6ec3ca87de89a6eb757fa974-x86_64.cache-4
7fcd8e8c8000-7fcd8e8cc000 r--s 00000000 08:32 542606                     /var/cache/fontconfig/ed3e3a69f51dac48dccfcc8873808a95-x86_64.cache-4
7fcd8e8d0000-7fcd8e8d1000 r--s 00000000 08:32 542602                     /var/cache/fontconfig/1900b679ac95d61d92a4f38af8454124-x86_64.cache-4
7fcd8e8d8000-7fcd8e8d9000 r--s 00000000 08:32 542583                     /var/cache/fontconfig/2a6be49ceff89c94e9adf1154f671c58-x86_64.cache-4
7fcd8e8e0000-7fcd8e8e1000 r--s 00000000 08:32 542542                     /var/cache/fontconfig/56762fdc8a452d8a54310bd64bbd8798-x86_64.cache-4
7fcd8e8e8000-7fcd8e94e000 r-xp 00000000 08:32 958663                     /usr/java/jdk1.8.0_60/jre/lib/amd64/libfontmanager.so
7fcd8e94e000-7fcd8eb4d000 ---p 00066000 08:32 958663                     /usr/java/jdk1.8.0_60/jre/lib/amd64/libfontmanager.so
7fcd8eb4d000-7fcd8eb51000 rw-p 00065000 08:32 958663                     /usr/java/jdk1.8.0_60/jre/lib/amd64/libfontmanager.so
7fcd8eb51000-7fcd8eb62000 rw-p 00000000 00:00 0 
7fcd8eb63000-7fcd8eb66000 ---p 00000000 00:00 0 
7fcd8eb66000-7fcd8ec64000 rw-p 00000000 00:00 0                          [stack:22464]
7fcd8ec64000-7fcd8ec69000 r--s 00094000 08:32 958884                     /usr/java/jdk1.8.0_60/jre/lib/jsse.jar
7fcd8ec6e000-7fcd8ec71000 ---p 00000000 00:00 0 
7fcd8ec71000-7fcd8ed6f000 rw-p 00000000 00:00 0                          [stack:22479]
7fcd8ed6f000-7fcd8ed72000 ---p 00000000 00:00 0 
7fcd8ed72000-7fcd8ee70000 rw-p 00000000 00:00 0                          [stack:22462]
7fcd8ee70000-7fcd8ee7f000 r-xp 00000000 08:32 929045                     /usr/lib64/libXi.so.6.1.0
7fcd8ee7f000-7fcd8f07e000 ---p 0000f000 08:32 929045                     /usr/lib64/libXi.so.6.1.0
7fcd8f07e000-7fcd8f07f000 r--p 0000e000 08:32 929045                     /usr/lib64/libXi.so.6.1.0
7fcd8f07f000-7fcd8f080000 rw-p 0000f000 08:32 929045                     /usr/lib64/libXi.so.6.1.0
7fcd8f080000-7fcd8f085000 r-xp 00000000 08:32 929235                     /usr/lib64/libXtst.so.6.1.0
7fcd8f085000-7fcd8f284000 ---p 00005000 08:32 929235                     /usr/lib64/libXtst.so.6.1.0
7fcd8f284000-7fcd8f285000 r--p 00004000 08:32 929235                     /usr/lib64/libXtst.so.6.1.0
7fcd8f285000-7fcd8f286000 rw-p 00005000 08:32 929235                     /usr/lib64/libXtst.so.6.1.0
7fcd8f288000-7fcd8f289000 r--s 00000000 08:32 539233                     /var/cache/fontconfig/cf6c88e680607f2ab796171745f068a4-x86_64.cache-4
7fcd8f290000-7fcd8f2b6000 r--p 00000000 08:32 928134                     /usr/share/locale/de/LC_MESSAGES/libc.mo
7fcd8f2b8000-7fcd8f30c000 r-xp 00000000 08:32 958657                     /usr/java/jdk1.8.0_60/jre/lib/amd64/libawt_xawt.so
7fcd8f30c000-7fcd8f50c000 ---p 00054000 08:32 958657                     /usr/java/jdk1.8.0_60/jre/lib/amd64/libawt_xawt.so
7fcd8f50c000-7fcd8f510000 rw-p 00054000 08:32 958657                     /usr/java/jdk1.8.0_60/jre/lib/amd64/libawt_xawt.so
7fcd8f510000-7fcd8f511000 rw-p 00000000 00:00 0 
7fcd8f518000-7fcd8f5ba000 r-xp 00000000 08:32 958655                     /usr/java/jdk1.8.0_60/jre/lib/amd64/libawt.so
7fcd8f5ba000-7fcd8f7ba000 ---p 000a2000 08:32 958655                     /usr/java/jdk1.8.0_60/jre/lib/amd64/libawt.so
7fcd8f7ba000-7fcd8f7c6000 rw-p 000a2000 08:32 958655                     /usr/java/jdk1.8.0_60/jre/lib/amd64/libawt.so
7fcd8f7c6000-7fcd8f7ea000 rw-p 00000000 00:00 0 
7fcd8f7ee000-7fcd8f810000 r--s 0038e000 08:32 958797                     /usr/java/jdk1.8.0_60/jre/lib/ext/cldrdata.jar
7fcd8f812000-7fcd8f81d000 r--s 0021a000 08:32 958714                     /usr/java/jdk1.8.0_60/jre/lib/ext/localedata.jar
7fcd8f822000-7fcd8f825000 ---p 00000000 00:00 0 
7fcd8f825000-7fcd8f923000 rw-p 00000000 00:00 0                          [stack:22461]
7fcd8f923000-7fcd8f926000 ---p 00000000 00:00 0 
7fcd8f926000-7fcd8fa24000 rw-p 00000000 00:00 0                          [stack:22460]
7fcd8fa24000-7fcd8fa9d000 r--s 010d4000 08:32 960145                     /usr/java/jdk1.8.0_60/lib/tools.jar
7fcd8faa1000-7fcd8faa8000 r--s 00021000 08:32 958902                     /usr/java/jdk1.8.0_60/lib/dt.jar
7fcd8faa8000-7fcd8faa9000 r--s 00000000 09:00 65013435                   /home/wolfi/projects/avrwb/application/target/avrwb/platform/lib/locale/org-openide-util_zh_CN.jar
7fcd8fab0000-7fcd8fab2000 r--s 00000000 09:00 65013427                   /home/wolfi/projects/avrwb/application/target/avrwb/platform/lib/locale/org-openide-util-ui_zh_CN.jar
7fcd8fab8000-7fcd8faba000 r--s 00000000 09:00 65013426                   /home/wolfi/projects/avrwb/application/target/avrwb/platform/lib/locale/org-openide-util-ui_ru.jar
7fcd8fac0000-7fcd8fac2000 r--s 00000000 09:00 65013425                   /home/wolfi/projects/avrwb/application/target/avrwb/platform/lib/locale/org-openide-util-ui_pt_BR.jar
7fcd8fac8000-7fcd8faca000 r--s 00000000 09:00 65013424                   /home/wolfi/projects/avrwb/application/target/avrwb/platform/lib/locale/org-openide-util-ui_ja.jar
7fcd8fad0000-7fcd8fae6000 r-xp 00000000 08:32 958694                     /usr/java/jdk1.8.0_60/jre/lib/amd64/libnet.so
7fcd8fae6000-7fcd8fce6000 ---p 00016000 08:32 958694                     /usr/java/jdk1.8.0_60/jre/lib/amd64/libnet.so
7fcd8fce6000-7fcd8fce7000 rw-p 00016000 08:32 958694                     /usr/java/jdk1.8.0_60/jre/lib/amd64/libnet.so
7fcd8fce8000-7fcd8fcf9000 r-xp 00000000 08:32 958695                     /usr/java/jdk1.8.0_60/jre/lib/amd64/libnio.so
7fcd8fcf9000-7fcd8fef8000 ---p 00011000 08:32 958695                     /usr/java/jdk1.8.0_60/jre/lib/amd64/libnio.so
7fcd8fef8000-7fcd8fef9000 rw-p 00010000 08:32 958695                     /usr/java/jdk1.8.0_60/jre/lib/amd64/libnio.so
7fcd8feff000-7fcd8ff00000 ---p 00000000 00:00 0 
7fcd8ff00000-7fcd90000000 rw-p 00000000 00:00 0                          [stack:22459]
7fcd90000000-7fcd90e3a000 rw-p 00000000 00:00 0 
7fcd90e3a000-7fcd94000000 ---p 00000000 00:00 0 
7fcd94000000-7fcd94b75000 rw-p 00000000 00:00 0 
7fcd94b75000-7fcd98000000 ---p 00000000 00:00 0 
7fcd98000000-7fcd98021000 rw-p 00000000 00:00 0 
7fcd98021000-7fcd9c000000 ---p 00000000 00:00 0 
7fcd9c000000-7fcd9cf3f000 rw-p 00000000 00:00 0 
7fcd9cf3f000-7fcda0000000 ---p 00000000 00:00 0 
7fcda0000000-7fcda0058000 rw-p 00000000 00:00 0 
7fcda0058000-7fcda4000000 ---p 00000000 00:00 0 
7fcda4000000-7fcda407a000 rw-p 00000000 00:00 0 
7fcda407a000-7fcda8000000 ---p 00000000 00:00 0 
7fcda8000000-7fcda8021000 rw-p 00000000 00:00 0 
7fcda8021000-7fcdac000000 ---p 00000000 00:00 0 
7fcdac000000-7fcdac021000 rw-p 00000000 00:00 0 
7fcdac021000-7fcdb0000000 ---p 00000000 00:00 0 
7fcdb0000000-7fcdb00a2000 rw-p 00000000 00:00 0 
7fcdb00a2000-7fcdb4000000 ---p 00000000 00:00 0 
7fcdb4000000-7fcdb4021000 rw-p 00000000 00:00 0 
7fcdb4021000-7fcdb8000000 ---p 00000000 00:00 0 
7fcdb8000000-7fcdb8021000 rw-p 00000000 00:00 0 
7fcdb8021000-7fcdbc000000 ---p 00000000 00:00 0 
7fcdbc000000-7fcdbc03e000 rw-p 00000000 00:00 0 
7fcdbc03e000-7fcdc0000000 ---p 00000000 00:00 0 
7fcdc0000000-7fcdc0021000 rw-p 00000000 00:00 0 
7fcdc0021000-7fcdc4000000 ---p 00000000 00:00 0 
7fcdc4000000-7fcdc4001000 r--s 00000000 09:00 65013434                   /home/wolfi/projects/avrwb/application/target/avrwb/platform/lib/locale/org-openide-util_ru.jar
7fcdc4008000-7fcdc4009000 r--s 00000000 09:00 65013433                   /home/wolfi/projects/avrwb/application/target/avrwb/platform/lib/locale/org-openide-util_pt_BR.jar
7fcdc4010000-7fcdc4011000 r--s 00000000 09:00 65013420                   /home/wolfi/projects/avrwb/application/target/avrwb/platform/lib/locale/org-openide-util-lookup_zh_CN.jar
7fcdc4018000-7fcdc4019000 r--s 00000000 09:00 65013419                   /home/wolfi/projects/avrwb/application/target/avrwb/platform/lib/locale/org-openide-util-lookup_ru.jar
7fcdc4020000-7fcdc4021000 r--s 00000000 09:00 65013418                   /home/wolfi/projects/avrwb/application/target/avrwb/platform/lib/locale/org-openide-util-lookup_pt_BR.jar
7fcdc4028000-7fcdc4029000 r--s 00000000 09:00 65013417                   /home/wolfi/projects/avrwb/application/target/avrwb/platform/lib/locale/org-openide-util-lookup_ja.jar
7fcdc4030000-7fcdc4031000 r--s 00000000 09:00 65013432                   /home/wolfi/projects/avrwb/application/target/avrwb/platform/lib/locale/org-openide-util_ja.jar
7fcdc4038000-7fcdc4039000 r--s 00000000 09:00 65013414                   /home/wolfi/projects/avrwb/application/target/avrwb/platform/lib/locale/org-openide-modules_zh_CN.jar
7fcdc4040000-7fcdc4041000 r--s 00000000 09:00 65013413                   /home/wolfi/projects/avrwb/application/target/avrwb/platform/lib/locale/org-openide-modules_ru.jar
7fcdc4048000-7fcdc4049000 r--s 00000000 09:00 65013412                   /home/wolfi/projects/avrwb/application/target/avrwb/platform/lib/locale/org-openide-modules_pt_BR.jar
7fcdc4050000-7fcdc4051000 r--s 00000000 09:00 65013411                   /home/wolfi/projects/avrwb/application/target/avrwb/platform/lib/locale/org-openide-modules_ja.jar
7fcdc4058000-7fcdc4059000 r--s 00000000 09:00 65013393                   /home/wolfi/projects/avrwb/application/target/avrwb/platform/lib/locale/boot_zh_CN.jar
7fcdc4060000-7fcdc4061000 r--s 00000000 09:00 65013392                   /home/wolfi/projects/avrwb/application/target/avrwb/platform/lib/locale/boot_ru.jar
7fcdc4068000-7fcdc4069000 r--s 00000000 09:00 65013391                   /home/wolfi/projects/avrwb/application/target/avrwb/platform/lib/locale/boot_pt_BR.jar
7fcdc4070000-7fcdc4071000 r--s 00000000 09:00 65013390                   /home/wolfi/projects/avrwb/application/target/avrwb/platform/lib/locale/boot_ja.jar
7fcdc4074000-7fcdc4077000 r--s 00044000 09:00 65013428                   /home/wolfi/projects/avrwb/application/target/avrwb/platform/lib/org-openide-util-ui.jar
7fcdc4078000-7fcdc4079000 r--s 00000000 09:00 65014021                   /home/wolfi/projects/avrwb/application/target/avrwb/avrwb/core/locale/core_avrwb.jar
7fcdc4080000-7fcdc4081000 r--s 00000000 09:00 65013374                   /home/wolfi/projects/avrwb/application/target/avrwb/platform/core/locale/org-openide-filesystems-compat8_pt_BR.jar
7fcdc4088000-7fcdc4089000 r--s 00000000 09:00 65013376                   /home/wolfi/projects/avrwb/application/target/avrwb/platform/core/locale/org-openide-filesystems-compat8_zh_CN.jar
7fcdc4090000-7fcdc4091000 r--s 00000000 09:00 65012230                   /home/wolfi/projects/avrwb/application/target/avrwb/platform/core/locale/core-base_ja.jar
7fcdc4091000-7fcdc4092000 r--s 00001000 09:00 65013352                   /home/wolfi/projects/avrwb/application/target/avrwb/platform/core/locale/core_zh_CN.jar
7fcdc4099000-7fcdc409a000 r--s 00001000 09:00 65013383                   /home/wolfi/projects/avrwb/application/target/avrwb/platform/core/locale/org-openide-filesystems_zh_CN.jar
7fcdc40a0000-7fcdc40a1000 r--s 00000000 09:00 65013366                   /home/wolfi/projects/avrwb/application/target/avrwb/platform/core/locale/org-netbeans-libs-asm_pt_BR.jar
7fcdc40a8000-7fcdc40a9000 r--s 00000000 09:00 65013365                   /home/wolfi/projects/avrwb/application/target/avrwb/platform/core/locale/org-netbeans-libs-asm_ja.jar
7fcdc40a9000-7fcdc40aa000 r--s 00001000 09:00 65013346                   /home/wolfi/projects/avrwb/application/target/avrwb/platform/core/locale/core_ru.jar
7fcdc40b1000-7fcdc40b2000 r--s 00001000 09:00 65013339                   /home/wolfi/projects/avrwb/application/target/avrwb/platform/core/locale/core_ja.jar
7fcdc40b8000-7fcdc40b9000 r--s 00000000 09:00 65013375                   /home/wolfi/projects/avrwb/application/target/avrwb/platform/core/locale/org-openide-filesystems-compat8_ru.jar
7fcdc40b9000-7fcdc40ba000 r--s 00001000 09:00 65013381                   /home/wolfi/projects/avrwb/application/target/avrwb/platform/core/locale/org-openide-filesystems_pt_BR.jar
7fcdc40c0000-7fcdc40c1000 r--s 00000000 09:00 65013368                   /home/wolfi/projects/avrwb/application/target/avrwb/platform/core/locale/org-netbeans-libs-asm_zh_CN.jar
7fcdc40c1000-7fcdc40c2000 r--s 00001000 09:00 65013382                   /home/wolfi/projects/avrwb/application/target/avrwb/platform/core/locale/org-openide-filesystems_ru.jar
7fcdc40c8000-7fcdc40c9000 r--s 00000000 09:00 65012236                   /home/wolfi/projects/avrwb/application/target/avrwb/platform/core/locale/core-base_pt_BR.jar
7fcdc40c9000-7fcdc40ca000 r--s 00001000 09:00 65013340                   /home/wolfi/projects/avrwb/application/target/avrwb/platform/core/locale/core_pt_BR.jar
7fcdc40d0000-7fcdc40d1000 r--s 00000000 09:00 65013373                   /home/wolfi/projects/avrwb/application/target/avrwb/platform/core/locale/org-openide-filesystems-compat8_ja.jar
7fcdc40d8000-7fcdc40d9000 r--s 00000000 09:00 65012589                   /home/wolfi/projects/avrwb/application/target/avrwb/platform/core/locale/core-base_ru.jar
7fcdc40d9000-7fcdc40da000 r--s 00001000 09:00 65013380                   /home/wolfi/projects/avrwb/application/target/avrwb/platform/core/locale/org-openide-filesystems_ja.jar
7fcdc40e1000-7fcdc40e4000 ---p 00000000 00:00 0 
7fcdc40e4000-7fcdc41e2000 rw-p 00000000 00:00 0                          [stack:22458]
7fcdc41e2000-7fcdc41e5000 ---p 00000000 00:00 0 
7fcdc41e5000-7fcdc42e3000 rw-p 00000000 00:00 0                          [stack:22456]
7fcdc42e3000-7fcdc42e6000 ---p 00000000 00:00 0 
7fcdc42e6000-7fcdc43e4000 rw-p 00000000 00:00 0                          [stack:22455]
7fcdc43e4000-7fcdc43e7000 ---p 00000000 00:00 0 
7fcdc43e7000-7fcdc44e5000 rw-p 00000000 00:00 0                          [stack:22454]
7fcdc44e5000-7fcdc44e8000 ---p 00000000 00:00 0 
7fcdc44e8000-7fcdc45e6000 rw-p 00000000 00:00 0                          [stack:22452]
7fcdc45e6000-7fcdc45e9000 ---p 00000000 00:00 0 
7fcdc45e9000-7fcdc46e7000 rw-p 00000000 00:00 0                          [stack:22450]
7fcdc46e7000-7fcdc46ea000 ---p 00000000 00:00 0 
7fcdc46ea000-7fcdc47e8000 rw-p 00000000 00:00 0                          [stack:22449]
7fcdc47e8000-7fcdc47f3000 r-xp 00000000 08:32 277392                     /lib64/libnss_files-2.18.so
7fcdc47f3000-7fcdc49f2000 ---p 0000b000 08:32 277392                     /lib64/libnss_files-2.18.so
7fcdc49f2000-7fcdc49f3000 r--p 0000a000 08:32 277392                     /lib64/libnss_files-2.18.so
7fcdc49f3000-7fcdc49f4000 rw-p 0000b000 08:32 277392                     /lib64/libnss_files-2.18.so
7fcdc49f8000-7fcdc49fc000 r-xp 00000000 08:32 958662                     /usr/java/jdk1.8.0_60/jre/lib/amd64/libdt_socket.so
7fcdc49fc000-7fcdc4bfb000 ---p 00004000 08:32 958662                     /usr/java/jdk1.8.0_60/jre/lib/amd64/libdt_socket.so
7fcdc4bfb000-7fcdc4bfc000 rw-p 00003000 08:32 958662                     /usr/java/jdk1.8.0_60/jre/lib/amd64/libdt_socket.so
7fcdc4bfc000-7fcdc4bff000 ---p 00000000 00:00 0 
7fcdc4bff000-7fcdc4cfd000 rw-p 00000000 00:00 0                          [stack:22448]
7fcdc4cfd000-7fcdc4d00000 ---p 00000000 00:00 0 
7fcdc4d00000-7fcdc4dfe000 rw-p 00000000 00:00 0                          [stack:22447]
7fcdc4dfe000-7fcdc4e01000 ---p 00000000 00:00 0 
7fcdc4e01000-7fcdc4eff000 rw-p 00000000 00:00 0                          [stack:22446]
7fcdc4eff000-7fcdc4f00000 ---p 00000000 00:00 0 
7fcdc4f00000-7fcdc5000000 rw-p 00000000 00:00 0                          [stack:22445]
7fcdc5000000-7fcdc5ba0000 rwxp 00000000 00:00 0 
7fcdc5ba0000-7fcdd4000000 ---p 00000000 00:00 0 
7fcdd4000000-7fcdd47ec000 rw-p 00000000 00:00 0 
7fcdd47ec000-7fcdd8000000 ---p 00000000 00:00 0 
7fcdd8000000-7fcdd8039000 rw-p 00000000 00:00 0 
7fcdd8039000-7fcddc000000 ---p 00000000 00:00 0 
7fcddc000000-7fcddc164000 rw-p 00000000 00:00 0 
7fcddc164000-7fcde0000000 ---p 00000000 00:00 0 
7fcde0000000-7fcde0001000 r--s 00000000 09:00 65012599                   /home/wolfi/projects/avrwb/application/target/avrwb/platform/core/locale/core-base_zh_CN.jar
7fcde0008000-7fcde0009000 r--s 00000000 09:00 65013367                   /home/wolfi/projects/avrwb/application/target/avrwb/platform/core/locale/org-netbeans-libs-asm_ru.jar
7fcde000b000-7fcde000c000 r--s 0000b000 09:00 65013377                   /home/wolfi/projects/avrwb/application/target/avrwb/platform/core/org-openide-filesystems-compat8.jar
7fcde000c000-7fcde0011000 r--s 000b4000 09:00 65013338                   /home/wolfi/projects/avrwb/application/target/avrwb/platform/core/core.jar
7fcde0018000-7fcde0f27000 rw-p 00000000 00:00 0 
7fcde0f27000-7fcde10ff000 r--s 03ccf000 08:32 958723                     /usr/java/jdk1.8.0_60/jre/lib/rt.jar
7fcde1104000-7fcde1b04000 rw-p 00000000 00:00 0 
7fcde1b04000-7fcde1b05000 ---p 00000000 00:00 0 
7fcde1b05000-7fcde1c05000 rw-p 00000000 00:00 0                          [stack:22444]
7fcde1c05000-7fcde1c06000 ---p 00000000 00:00 0 
7fcde1c06000-7fcde1d06000 rw-p 00000000 00:00 0                          [stack:22443]
7fcde1d06000-7fcde1d07000 ---p 00000000 00:00 0 
7fcde1d07000-7fcde1e07000 rw-p 00000000 00:00 0                          [stack:22442]
7fcde1e07000-7fcde1e08000 ---p 00000000 00:00 0 
7fcde1e08000-7fcde1f37000 rw-p 00000000 00:00 0                          [stack:22441]
7fcde1f37000-7fcde22c8000 ---p 00000000 00:00 0 
7fcde22c8000-7fcde22e2000 r-xp 00000000 08:32 958709                     /usr/java/jdk1.8.0_60/jre/lib/amd64/libzip.so
7fcde22e2000-7fcde24e2000 ---p 0001a000 08:32 958709                     /usr/java/jdk1.8.0_60/jre/lib/amd64/libzip.so
7fcde24e2000-7fcde24e3000 rw-p 0001a000 08:32 958709                     /usr/java/jdk1.8.0_60/jre/lib/amd64/libzip.so
7fcde24e8000-7fcde24ea000 r-xp 00000000 08:32 958697                     /usr/java/jdk1.8.0_60/jre/lib/amd64/libnpt.so
7fcde24ea000-7fcde26ea000 ---p 00002000 08:32 958697                     /usr/java/jdk1.8.0_60/jre/lib/amd64/libnpt.so
7fcde26ea000-7fcde26eb000 rw-p 00002000 08:32 958697                     /usr/java/jdk1.8.0_60/jre/lib/amd64/libnpt.so
7fcde26f0000-7fcde2729000 r-xp 00000000 08:32 958681                     /usr/java/jdk1.8.0_60/jre/lib/amd64/libjdwp.so
7fcde2729000-7fcde2928000 ---p 00039000 08:32 958681                     /usr/java/jdk1.8.0_60/jre/lib/amd64/libjdwp.so
7fcde2928000-7fcde292a000 rw-p 00038000 08:32 958681                     /usr/java/jdk1.8.0_60/jre/lib/amd64/libjdwp.so
7fcde2930000-7fcde295a000 r-xp 00000000 08:32 958673                     /usr/java/jdk1.8.0_60/jre/lib/amd64/libjava.so
7fcde295a000-7fcde2b5a000 ---p 0002a000 08:32 958673                     /usr/java/jdk1.8.0_60/jre/lib/amd64/libjava.so
7fcde2b5a000-7fcde2b5c000 rw-p 0002a000 08:32 958673                     /usr/java/jdk1.8.0_60/jre/lib/amd64/libjava.so
7fcde2b60000-7fcde2b6d000 r-xp 00000000 08:32 958708                     /usr/java/jdk1.8.0_60/jre/lib/amd64/libverify.so
7fcde2b6d000-7fcde2d6d000 ---p 0000d000 08:32 958708                     /usr/java/jdk1.8.0_60/jre/lib/amd64/libverify.so
7fcde2d6d000-7fcde2d6f000 rw-p 0000d000 08:32 958708                     /usr/java/jdk1.8.0_60/jre/lib/amd64/libverify.so
7fcde2d70000-7fcde2d77000 r-xp 00000000 08:32 277756                     /lib64/librt-2.18.so
7fcde2d77000-7fcde2f76000 ---p 00007000 08:32 277756                     /lib64/librt-2.18.so
7fcde2f76000-7fcde2f77000 r--p 00006000 08:32 277756                     /lib64/librt-2.18.so
7fcde2f77000-7fcde2f78000 rw-p 00007000 08:32 277756                     /lib64/librt-2.18.so
7fcde2f78000-7fcde2f7d000 r-xp 00000000 08:32 929033                     /usr/lib64/libXfixes.so.3.1.0
7fcde2f7d000-7fcde317c000 ---p 00005000 08:32 929033                     /usr/lib64/libXfixes.so.3.1.0
7fcde317c000-7fcde317d000 r--p 00004000 08:32 929033                     /usr/lib64/libXfixes.so.3.1.0
7fcde317d000-7fcde317e000 rw-p 00005000 08:32 929033                     /usr/lib64/libXfixes.so.3.1.0
7fcde3180000-7fcde3189000 r-xp 00000000 08:32 928616                     /usr/lib64/libXrender.so.1.3.0
7fcde3189000-7fcde3388000 ---p 00009000 08:32 928616                     /usr/lib64/libXrender.so.1.3.0
7fcde3388000-7fcde3389000 r--p 00008000 08:32 928616                     /usr/lib64/libXrender.so.1.3.0
7fcde3389000-7fcde338a000 rw-p 00009000 08:32 928616                     /usr/lib64/libXrender.so.1.3.0
7fcde3390000-7fcde339a000 r-xp 00000000 08:32 928794                     /usr/lib64/libXcursor.so.1.0.2
7fcde339a000-7fcde3599000 ---p 0000a000 08:32 928794                     /usr/lib64/libXcursor.so.1.0.2
7fcde3599000-7fcde359a000 r--p 00009000 08:32 928794                     /usr/lib64/libXcursor.so.1.0.2
7fcde359a000-7fcde359b000 rw-p 0000a000 08:32 928794                     /usr/lib64/libXcursor.so.1.0.2
7fcde359f000-7fcde35a2000 ---p 00000000 00:00 0 
7fcde35a2000-7fcde36a0000 rw-p 00000000 00:00 0                          [stack:22440]
7fcde36a0000-7fcde37d0000 r--p 00000000 08:32 273431                     /usr/lib/locale/de_DE.utf8/LC_COLLATE
7fcde37d7000-7fcde37d8000 ---p 00000000 00:00 0 
7fcde37d8000-7fcde3fd8000 rw-p 00000000 00:00 0 
7fcde3fd8000-7fcde3fdb000 r-xp 00000000 08:32 928966                     /usr/lib64/libXau.so.6.0.0
7fcde3fdb000-7fcde41da000 ---p 00003000 08:32 928966                     /usr/lib64/libXau.so.6.0.0
7fcde41da000-7fcde41db000 r--p 00002000 08:32 928966                     /usr/lib64/libXau.so.6.0.0
7fcde41db000-7fcde41dc000 rw-p 00003000 08:32 928966                     /usr/lib64/libXau.so.6.0.0
7fcde41e0000-7fcde41fe000 r-xp 00000000 08:32 934450                     /usr/lib64/libxcb.so.1.1.0
7fcde41fe000-7fcde43fe000 ---p 0001e000 08:32 934450                     /usr/lib64/libxcb.so.1.1.0
7fcde43fe000-7fcde43ff000 r--p 0001e000 08:32 934450                     /usr/lib64/libxcb.so.1.1.0
7fcde43ff000-7fcde4400000 rw-p 0001f000 08:32 934450                     /usr/lib64/libxcb.so.1.1.0
7fcde4400000-7fcde4411000 r-xp 00000000 08:32 928813                     /usr/lib64/libXext.so.6.4.0
7fcde4411000-7fcde4610000 ---p 00011000 08:32 928813                     /usr/lib64/libXext.so.6.4.0
7fcde4610000-7fcde4611000 r--p 00010000 08:32 928813                     /usr/lib64/libXext.so.6.4.0
7fcde4611000-7fcde4612000 rw-p 00011000 08:32 928813                     /usr/lib64/libXext.so.6.4.0
7fcde4618000-7fcde4750000 r-xp 00000000 08:32 933727                     /usr/lib64/libX11.so.6.3.0
7fcde4750000-7fcde4950000 ---p 00138000 08:32 933727                     /usr/lib64/libX11.so.6.3.0
7fcde4950000-7fcde4951000 r--p 00138000 08:32 933727                     /usr/lib64/libX11.so.6.3.0
7fcde4951000-7fcde4956000 rw-p 00139000 08:32 933727                     /usr/lib64/libX11.so.6.3.0
7fcde4958000-7fcde49b9000 r-xp 00000000 08:32 958704                     /usr/java/jdk1.8.0_60/jre/lib/amd64/libsplashscreen.so
7fcde49b9000-7fcde4bb9000 ---p 00061000 08:32 958704                     /usr/java/jdk1.8.0_60/jre/lib/amd64/libsplashscreen.so
7fcde4bb9000-7fcde4bba000 rw-p 00061000 08:32 958704                     /usr/java/jdk1.8.0_60/jre/lib/amd64/libsplashscreen.so
7fcde4bba000-7fcde4bbd000 rw-p 00000000 00:00 0 
7fcde4bc0000-7fcde4cc2000 r-xp 00000000 08:32 276802                     /lib64/libm-2.18.so
7fcde4cc2000-7fcde4ec1000 ---p 00102000 08:32 276802                     /lib64/libm-2.18.so
7fcde4ec1000-7fcde4ec2000 r--p 00101000 08:32 276802                     /lib64/libm-2.18.so
7fcde4ec2000-7fcde4ec3000 rw-p 00102000 08:32 276802                     /lib64/libm-2.18.so
7fcde4ec8000-7fcde5b86000 r-xp 00000000 08:32 958712                     /usr/java/jdk1.8.0_60/jre/lib/amd64/server/libjvm.so
7fcde5b86000-7fcde5d85000 ---p 00cbe000 08:32 958712                     /usr/java/jdk1.8.0_60/jre/lib/amd64/server/libjvm.so
7fcde5d85000-7fcde5e5d000 rw-p 00cbd000 08:32 958712                     /usr/java/jdk1.8.0_60/jre/lib/amd64/server/libjvm.so
7fcde5e5d000-7fcde5ea2000 rw-p 00000000 00:00 0 
7fcde5ea8000-7fcde604c000 r-xp 00000000 08:32 275131                     /lib64/libc-2.18.so
7fcde604c000-7fcde624c000 ---p 001a4000 08:32 275131                     /lib64/libc-2.18.so
7fcde624c000-7fcde6250000 r--p 001a4000 08:32 275131                     /lib64/libc-2.18.so
7fcde6250000-7fcde6252000 rw-p 001a8000 08:32 275131                     /lib64/libc-2.18.so
7fcde6252000-7fcde6256000 rw-p 00000000 00:00 0 
7fcde6258000-7fcde625b000 r-xp 00000000 08:32 276368                     /lib64/libdl-2.18.so
7fcde625b000-7fcde645a000 ---p 00003000 08:32 276368                     /lib64/libdl-2.18.so
7fcde645a000-7fcde645b000 r--p 00002000 08:32 276368                     /lib64/libdl-2.18.so
7fcde645b000-7fcde645c000 rw-p 00003000 08:32 276368                     /lib64/libdl-2.18.so
7fcde6460000-7fcde6475000 r-xp 00000000 08:32 958898                     /usr/java/jdk1.8.0_60/lib/amd64/jli/libjli.so
7fcde6475000-7fcde6675000 ---p 00015000 08:32 958898                     /usr/java/jdk1.8.0_60/lib/amd64/jli/libjli.so
7fcde6675000-7fcde6676000 rw-p 00015000 08:32 958898                     /usr/java/jdk1.8.0_60/lib/amd64/jli/libjli.so
7fcde6678000-7fcde6690000 r-xp 00000000 08:32 276615                     /lib64/libpthread-2.18.so
7fcde6690000-7fcde6890000 ---p 00018000 08:32 276615                     /lib64/libpthread-2.18.so
7fcde6890000-7fcde6891000 r--p 00018000 08:32 276615                     /lib64/libpthread-2.18.so
7fcde6891000-7fcde6892000 rw-p 00019000 08:32 276615                     /lib64/libpthread-2.18.so
7fcde6892000-7fcde6896000 rw-p 00000000 00:00 0 
7fcde6898000-7fcde68b8000 r-xp 00000000 08:32 275129                     /lib64/ld-2.18.so
7fcde68bf000-7fcde68c4000 r--s 00037000 09:00 65013359                   /home/wolfi/projects/avrwb/application/target/avrwb/platform/core/asm-all-5.0.1.jar
7fcde68ca000-7fcde68d0000 r--s 000da000 09:00 65013384                   /home/wolfi/projects/avrwb/application/target/avrwb/platform/core/org-openide-filesystems.jar
7fcde68d2000-7fcde68d4000 r--s 0001a000 09:00 65012223                   /home/wolfi/projects/avrwb/application/target/avrwb/platform/core/core-base.jar
7fcde68d8000-7fcde68d9000 r--s 00000000 09:00 65013369                   /home/wolfi/projects/avrwb/application/target/avrwb/platform/core/org-netbeans-libs-asm.jar
7fcde68de000-7fcde68e1000 r--s 00056000 09:00 65013422                   /home/wolfi/projects/avrwb/application/target/avrwb/platform/lib/org-openide-util-lookup.jar
7fcde68e3000-7fcde68e8000 r--s 0007b000 09:00 65013436                   /home/wolfi/projects/avrwb/application/target/avrwb/platform/lib/org-openide-util.jar
7fcde68eb000-7fcde68ec000 r--s 0000b000 09:00 65013415                   /home/wolfi/projects/avrwb/application/target/avrwb/platform/lib/org-openide-modules.jar
7fcde68f2000-7fcde691b000 rw-p 00000000 00:00 0 
7fcde691b000-7fcde6928000 ---p 00000000 00:00 0 
7fcde6928000-7fcde695d000 r--s 00000000 00:10 7848                       /var/run/nscd/passwd
7fcde6960000-7fcde699f000 r--p 00000000 08:32 395200                     /usr/lib/locale/de_DE.utf8/LC_CTYPE
7fcde6a30000-7fcde6a33000 r--s 00078000 09:00 65013388                   /home/wolfi/projects/avrwb/application/target/avrwb/platform/lib/boot.jar
7fcde6a37000-7fcde6a40000 rw-p 00000000 00:00 0 
7fcde6a40000-7fcde6a4c000 ---p 00000000 00:00 0 
7fcde6a4c000-7fcde6a57000 rw-p 00000000 00:00 0 
7fcde6a57000-7fcde6a58000 rw-p 00000000 00:00 0 
7fcde6a58000-7fcde6a60000 rw-s 00000000 08:32 432924                     /tmp/hsperfdata_wolfi/22438
7fcde6a60000-7fcde6a61000 r--p 00000000 08:32 408228                     /usr/lib/locale/de_DE.utf8/LC_NUMERIC
7fcde6a68000-7fcde6a69000 r--p 00000000 08:32 277910                     /usr/lib/locale/de_DE.utf8/LC_TIME
7fcde6a70000-7fcde6a71000 r--p 00000000 08:32 395141                     /usr/lib/locale/de_DE.utf8/LC_MONETARY
7fcde6a78000-7fcde6a79000 r--p 00000000 08:32 410260                     /usr/lib/locale/de_DE.utf8/LC_MESSAGES/SYS_LC_MESSAGES
7fcde6a80000-7fcde6a81000 r--p 00000000 08:32 408195                     /usr/lib/locale/de_DE.utf8/LC_PAPER
7fcde6a88000-7fcde6a89000 r--p 00000000 08:32 278030                     /usr/lib/locale/de_DE.utf8/LC_NAME
7fcde6a90000-7fcde6a91000 r--p 00000000 08:32 271841                     /usr/lib/locale/de_DE.utf8/LC_ADDRESS
7fcde6a98000-7fcde6a99000 r--p 00000000 08:32 278117                     /usr/lib/locale/de_DE.utf8/LC_TELEPHONE
7fcde6aa0000-7fcde6aa1000 r--p 00000000 08:32 395107                     /usr/lib/locale/de_DE.utf8/LC_MEASUREMENT
7fcde6aa8000-7fcde6aaf000 r--s 00000000 08:32 1053669                    /usr/lib64/gconv/gconv-modules.cache
7fcde6ab0000-7fcde6ab1000 r--p 00000000 08:32 277899                     /usr/lib/locale/de_DE.utf8/LC_IDENTIFICATION
7fcde6ab1000-7fcde6ab4000 rw-p 00000000 00:00 0 
7fcde6ab4000-7fcde6ab5000 r--p 00000000 00:00 0 
7fcde6ab6000-7fcde6ab7000 rw-p 00000000 00:00 0 
7fcde6ab7000-7fcde6ab8000 r--p 0001f000 08:32 275129                     /lib64/ld-2.18.so
7fcde6ab8000-7fcde6ab9000 rw-p 00020000 08:32 275129                     /lib64/ld-2.18.so
7fcde6ab9000-7fcde6abb000 rw-p 00000000 00:00 0 
7fcde6abb000-7fcde6abe000 rw-p 00000000 00:00 0 
7ffe2628a000-7ffe262ac000 rw-p 00000000 00:00 0                          [stack]
7ffe26300000-7ffe26302000 r-xp 00000000 00:00 0                          [vdso]
ffffffffff600000-ffffffffff601000 r-xp 00000000 00:00 0                  [vsyscall]

VM Arguments:
jvm_args: -Djdk.home=/usr/java/latest -Dnetbeans.running.environment=kde -Dnetbeans.dirs=/home/wolfi/projects/avrwb/application/target/avrwb/avrwb:/home/wolfi/projects/avrwb/application/target/avrwb/etc:/home/wolfi/projects/avrwb/application/target/avrwb/java:/home/wolfi/projects/avrwb/application/target/avrwb/extra:/home/wolfi/projects/avrwb/application/target/avrwb/bin:/home/wolfi/projects/avrwb/application/target/avrwb/platform: -Dnetbeans.home=/home/wolfi/projects/avrwb/application/target/avrwb/platform -Xms24m -Xmx64m -Dnetbeans.logger.console=true -ea -Xdebug -Xrunjdwp:transport=dt_socket,suspend=n,server=n,address=56556 -Dat.avrwb.debuglogging=true -Dsun.awt.disablegrab=true -Dnetbeans.patches.com.avrwb.base=/home/wolfi/projects/avrwb/avrawb-base/target/classes -Dnetbeans.patches.com.avrwb.com.avrwb.programmer=/home/wolfi/projects/avrwb/programmer/target/classes -Dnetbeans.patches.com.avrwb.core=/home/wolfi/projects/avrwb/avrwb-core/target/classes -Dnetbeans.patches.com.avrwb.assembler=/home/wolfi/projects/avrwb/assembler/target/classes -XX:+HeapDumpOnOutOfMemoryError -XX:HeapDumpPath=/home/wolfi/projects/avrwb/application/target/userdir/var/log/heapdump.hprof 
java_command: org.netbeans.Main --cachedir /home/wolfi/projects/avrwb/application/target/userdir/var/cache --userdir /home/wolfi/projects/avrwb/application/target/userdir --branding avrwb --branding avrwb
java_class_path (initial): /home/wolfi/projects/avrwb/application/target/avrwb/platform/lib/boot.jar:/home/wolfi/projects/avrwb/application/target/avrwb/platform/lib/org-openide-modules.jar:/home/wolfi/projects/avrwb/application/target/avrwb/platform/lib/org-openide-util.jar:/home/wolfi/projects/avrwb/application/target/avrwb/platform/lib/org-openide-util-lookup.jar:/home/wolfi/projects/avrwb/application/target/avrwb/platform/lib/org-openide-util-ui.jar:/home/wolfi/projects/avrwb/application/target/avrwb/platform/lib/locale/boot_ja.jar:/home/wolfi/projects/avrwb/application/target/avrwb/platform/lib/locale/boot_pt_BR.jar:/home/wolfi/projects/avrwb/application/target/avrwb/platform/lib/locale/boot_ru.jar:/home/wolfi/projects/avrwb/application/target/avrwb/platform/lib/locale/boot_zh_CN.jar:/home/wolfi/projects/avrwb/application/target/avrwb/platform/lib/locale/org-openide-modules_ja.jar:/home/wolfi/projects/avrwb/application/target/avrwb/platform/lib/locale/org-openide-modules_pt_BR.jar:/home/wolfi/projects/avrwb/application/target/avrwb/platform/lib/locale/org-openide-modules_ru.jar:/home/wolfi/projects/avrwb/application/target/avrwb/platform/lib/locale/org-openide-modules_zh_CN.jar:/home/wolfi/projects/avrwb/application/target/avrwb/platform/lib/locale/org-openide-util_ja.jar:/home/wolfi/projects/avrwb/application/target/avrwb/platform/lib/locale/org-openide-util-lookup_ja.jar:/home/wolfi/projects/avrwb/application/target/avrwb/platform/lib/locale/org-openide-util-lookup_pt_BR.jar:/home/wolfi/projects/avrwb/application/target/avrwb/platform/lib/locale/org-openide-util-lookup_ru.jar:/home/wolfi/projects/avrwb/application/target/avrwb/platform/lib/locale/org-openide-util-lookup_zh_CN.jar:/home/wolfi/projects/avrwb/application/target/avrwb/platform/lib/locale/org-openide-util_pt_BR.jar:/home/wolfi/projects/avrwb/application/target/avrwb/platform/lib/locale/org-openide-util_ru.jar:/home/wolfi/projects/avrwb/application/target/avrwb/platform/lib/locale/org-openide-uti
Launcher Type: SUN_STANDARD

Environment Variables:
JAVA_HOME=/usr/java/latest
JRE_HOME=/usr/lib64/jvm/jre
PATH=/home/wolfi/bin:/usr/local/bin:/usr/bin:/bin:/usr/bin/X11:/usr/X11R6/bin:/usr/games:/opt/kde3/bin
LD_LIBRARY_PATH=/usr/java/latest/jre/lib/amd64:/usr/java/latest/jre/lib/i386:/usr/java/latest/jre/lib/amd64:/usr/java/latest/jre/lib/i386:
SHELL=/bin/bash
DISPLAY=:0
HOSTTYPE=x86_64
OSTYPE=linux
MACHTYPE=x86_64-suse-linux

Signal Handlers:
SIGSEGV: [libjvm.so+0xaba070], sa_mask[0]=11111111011111111101111111111110, sa_flags=SA_RESTART|SA_SIGINFO
SIGBUS: [libjvm.so+0xaba070], sa_mask[0]=11111111011111111101111111111110, sa_flags=SA_RESTART|SA_SIGINFO
SIGFPE: [libjvm.so+0x917630], sa_mask[0]=11111111011111111101111111111110, sa_flags=SA_RESTART|SA_SIGINFO
SIGPIPE: [libjvm.so+0x917630], sa_mask[0]=11111111011111111101111111111110, sa_flags=SA_RESTART|SA_SIGINFO
SIGXFSZ: [libjvm.so+0x917630], sa_mask[0]=11111111011111111101111111111110, sa_flags=SA_RESTART|SA_SIGINFO
SIGILL: [libjvm.so+0x917630], sa_mask[0]=11111111011111111101111111111110, sa_flags=SA_RESTART|SA_SIGINFO
SIGUSR1: SIG_DFL, sa_mask[0]=00000000000000000000000000000000, sa_flags=none
SIGUSR2: [libjvm.so+0x918c60], sa_mask[0]=00100000000000000000000000000000, sa_flags=SA_RESTART|SA_SIGINFO
SIGHUP: [libjvm.so+0x91a060], sa_mask[0]=11111111011111111101111111111110, sa_flags=SA_RESTART|SA_SIGINFO
SIGINT: SIG_IGN, sa_mask[0]=00000000000000000000000000000000, sa_flags=none
SIGTERM: [libjvm.so+0x91a060], sa_mask[0]=11111111011111111101111111111110, sa_flags=SA_RESTART|SA_SIGINFO
SIGQUIT: [libjvm.so+0x91a060], sa_mask[0]=11111111011111111101111111111110, sa_flags=SA_RESTART|SA_SIGINFO


---------------  S Y S T E M  ---------------

OS:LSB_VERSION="core-2.0-noarch:core-3.2-noarch:core-4.0-noarch:core-2.0-x86_64:core-3.2-x86_64:core-4.0-x86_64"

uname:Linux 3.11.10-29-desktop #1 SMP PREEMPT Thu Mar 5 16:24:00 UTC 2015 (338c513) x86_64
libc:glibc 2.18 NPTL 2.18 
rlimit: STACK 8192k, CORE 0k, NPROC 62770, NOFILE 4096, AS infinity
load average:0,92 1,03 1,12

/proc/meminfo:
MemTotal:        8068804 kB
MemFree:          161708 kB
Buffers:          748312 kB
Cached:          2357260 kB
SwapCached:       147900 kB
Active:          3235132 kB
Inactive:        2248820 kB
Active(anon):    2032128 kB
Inactive(anon):   397380 kB
Active(file):    1203004 kB
Inactive(file):  1851440 kB
Unevictable:           0 kB
Mlocked:               0 kB
SwapTotal:       2104476 kB
SwapFree:        1922856 kB
Dirty:                84 kB
Writeback:             4 kB
AnonPages:       2233468 kB
Mapped:           306368 kB
Shmem:             50900 kB
Slab:            2276968 kB
SReclaimable:    2170024 kB
SUnreclaim:       106944 kB
KernelStack:        4288 kB
PageTables:        37804 kB
NFS_Unstable:          0 kB
Bounce:                0 kB
WritebackTmp:          0 kB
CommitLimit:     6138876 kB
Committed_AS:    6557888 kB
VmallocTotal:   34359738367 kB
VmallocUsed:      327956 kB
VmallocChunk:   34359397372 kB
HardwareCorrupted:     0 kB
AnonHugePages:    303104 kB
HugePages_Total:       0
HugePages_Free:        0
HugePages_Rsvd:        0
HugePages_Surp:        0
Hugepagesize:       2048 kB
DirectMap4k:      298784 kB
DirectMap2M:     8030208 kB
DirectMap1G:           0 kB


CPU:total 4 (4 cores per cpu, 1 threads per core) family 21 model 16 stepping 1, cmov, cx8, fxsr, mmx, sse, sse2, sse3, ssse3, sse4.1, sse4.2, popcnt, avx, aes, clmul, mmxext, 3dnowpref, lzcnt, sse4a, tsc, tscinvbit, tscinv, bmi1

/proc/cpuinfo:
processor	: 0
vendor_id	: AuthenticAMD
cpu family	: 21
model		: 16
model name	: AMD A10-5800K APU with Radeon(tm) HD Graphics
stepping	: 1
microcode	: 0x6001119
cpu MHz		: 3400.000
cache size	: 2048 KB
physical id	: 0
siblings	: 4
core id		: 0
cpu cores	: 2
apicid		: 16
initial apicid	: 0
fpu		: yes
fpu_exception	: yes
cpuid level	: 13
wp		: yes
flags		: fpu vme de pse tsc msr pae mce cx8 apic sep mtrr pge mca cmov pat pse36 clflush mmx fxsr sse sse2 ht syscall nx mmxext fxsr_opt pdpe1gb rdtscp lm constant_tsc rep_good nopl nonstop_tsc extd_apicid aperfmperf pni pclmulqdq monitor ssse3 fma cx16 sse4_1 sse4_2 popcnt aes xsave avx f16c lahf_lm cmp_legacy svm extapic cr8_legacy abm sse4a misalignsse 3dnowprefetch osvw ibs xop skinit wdt lwp fma4 tce nodeid_msr tbm topoext perfctr_core perfctr_nb arat cpb hw_pstate npt lbrv svm_lock nrip_save tsc_scale vmcb_clean flushbyasid decodeassists pausefilter pfthreshold bmi1
bogomips	: 7586.23
TLB size	: 1536 4K pages
clflush size	: 64
cache_alignment	: 64
address sizes	: 48 bits physical, 48 bits virtual
power management: ts ttp tm 100mhzsteps hwpstate cpb eff_freq_ro

processor	: 1
vendor_id	: AuthenticAMD
cpu family	: 21
model		: 16
model name	: AMD A10-5800K APU with Radeon(tm) HD Graphics  
stepping	: 1
microcode	: 0x6001119
cpu MHz		: 1900.000
cache size	: 2048 KB
physical id	: 0
siblings	: 4
core id		: 1
cpu cores	: 2
apicid		: 17
initial apicid	: 1
fpu		: yes
fpu_exception	: yes
cpuid level	: 13
wp		: yes
flags		: fpu vme de pse tsc msr pae mce cx8 apic sep mtrr pge mca cmov pat pse36 clflush mmx fxsr sse sse2 ht syscall nx mmxext fxsr_opt pdpe1gb rdtscp lm constant_tsc rep_good nopl nonstop_tsc extd_apicid aperfmperf pni pclmulqdq monitor ssse3 fma cx16 sse4_1 sse4_2 popcnt aes xsave avx f16c lahf_lm cmp_legacy svm extapic cr8_legacy abm sse4a misalignsse 3dnowprefetch osvw ibs xop skinit wdt lwp fma4 tce nodeid_msr tbm topoext perfctr_core perfctr_nb arat cpb hw_pstate npt lbrv svm_lock nrip_save tsc_scale vmcb_clean flushbyasid decodeassists pausefilter pfthreshold bmi1
bogomips	: 7586.23
TLB size	: 1536 4K pages
clflush size	: 64
cache_alignment	: 64
address sizes	: 48 bits physical, 48 bits virtual
power management: ts ttp tm 100mhzsteps hwpstate cpb eff_freq_ro

processor	: 2
vendor_id	: AuthenticAMD
cpu family	: 21
model		: 16
model name	: AMD A10-5800K APU with Radeon(tm) HD Graphics  
stepping	: 1
microcode	: 0x6001119
cpu MHz		: 2900.000
cache size	: 2048 KB
physical id	: 0
siblings	: 4
core id		: 2
cpu cores	: 2
apicid		: 18
initial apicid	: 2
fpu		: yes
fpu_exception	: yes
cpuid level	: 13
wp		: yes
flags		: fpu vme de pse tsc msr pae mce cx8 apic sep mtrr pge mca cmov pat pse36 clflush mmx fxsr sse sse2 ht syscall nx mmxext fxsr_opt pdpe1gb rdtscp lm constant_tsc rep_good nopl nonstop_tsc extd_apicid aperfmperf pni pclmulqdq monitor ssse3 fma cx16 sse4_1 sse4_2 popcnt aes xsave avx f16c lahf_lm cmp_legacy svm extapic cr8_legacy abm sse4a misalignsse 3dnowprefetch osvw ibs xop skinit wdt lwp fma4 tce nodeid_msr tbm topoext perfctr_core perfctr_nb arat cpb hw_pstate npt lbrv svm_lock nrip_save tsc_scale vmcb_clean flushbyasid decodeassists pausefilter pfthreshold bmi1
bogomips	: 7586.23
TLB size	: 1536 4K pages
clflush size	: 64
cache_alignment	: 64
address sizes	: 48 bits physical, 48 bits virtual
power management: ts ttp tm 100mhzsteps hwpstate cpb eff_freq_ro

processor	: 3
vendor_id	: AuthenticAMD
cpu family	: 21
model		: 16
model name	: AMD A10-5800K APU with Radeon(tm) HD Graphics  
stepping	: 1
microcode	: 0x6001119
cpu MHz		: 2400.000
cache size	: 2048 KB
physical id	: 0
siblings	: 4
core id		: 3
cpu cores	: 2
apicid		: 19
initial apicid	: 3
fpu		: yes
fpu_exception	: yes
cpuid level	: 13
wp		: yes
flags		: fpu vme de pse tsc msr pae mce cx8 apic sep mtrr pge mca cmov pat pse36 clflush mmx fxsr sse sse2 ht syscall nx mmxext fxsr_opt pdpe1gb rdtscp lm constant_tsc rep_good nopl nonstop_tsc extd_apicid aperfmperf pni pclmulqdq monitor ssse3 fma cx16 sse4_1 sse4_2 popcnt aes xsave avx f16c lahf_lm cmp_legacy svm extapic cr8_legacy abm sse4a misalignsse 3dnowprefetch osvw ibs xop skinit wdt lwp fma4 tce nodeid_msr tbm topoext perfctr_core perfctr_nb arat cpb hw_pstate npt lbrv svm_lock nrip_save tsc_scale vmcb_clean flushbyasid decodeassists pausefilter pfthreshold bmi1
bogomips	: 7586.23
TLB size	: 1536 4K pages
clflush size	: 64
cache_alignment	: 64
address sizes	: 48 bits physical, 48 bits virtual
power management: ts ttp tm 100mhzsteps hwpstate cpb eff_freq_ro



Memory: 4k page, physical 8068804k(161708k free), swap 2104476k(1922856k free)

vm_info: Java HotSpot(TM) 64-Bit Server VM (25.60-b23) for linux-amd64 JRE (1.8.0_60-b27), built on Aug  4 2015 12:19:40 by "java_re" with gcc 4.3.0 20080428 (Red Hat 4.3.0-8)

time: Mon Jan 25 22:31:48 2016
elapsed time: 52 seconds (0d 0h 0m 52s)

